#
# A fatal error has been detected by the Java Runtime Environment:
#
#  EXCEPTION_ACCESS_VIOLATION (0xc0000005) at pc=0x000000007110b5db, pid=7628, tid=0x0000000000006134
#
# JRE version: Java(TM) SE Runtime Environment (8.0_261-b12) (build 1.8.0_261-b12)
# Java VM: Java HotSpot(TM) 64-Bit Server VM (25.261-b12 mixed mode windows-amd64 compressed oops)
# Problematic frame:
# C  [jSSC-2.8_x86_64.dll+0xb5db]
#
# Failed to write core dump. Minidumps are not enabled by default on client versions of Windows
#
# If you would like to submit a bug report, please visit:
#   http://bugreport.java.com/bugreport/crash.jsp
# The crash happened outside the Java Virtual Machine in native code.
# See problematic frame for where to report the bug.
#

---------------  T H R E A D  ---------------

Current thread (0x000001d5e5ceb800):  JavaThread "JavaFX Application Thread" [_thread_in_native, id=24884, stack(0x0000002f90d00000,0x0000002f90e00000)]

siginfo: ExceptionCode=0xc0000005, reading address 0xffffffffeae97ff5

Registers:
RAX=0xffffffffeae97ff5, RBX=0x0000002f90dfc770, RCX=0x00007ff9649ecf54, RDX=0x0000000000000000
RSP=0x0000002f90dfc700, RBP=0x0000002f90dfc880, RSI=0x000001d5e5ceb9f8, RDI=0x00000000000008b0
R8 =0x0000002f90dfc5f8, R9 =0x0000002f90dfc6f0, R10=0x0000000000000000, R11=0x0000000000000246
R12=0x0000002f90dfc930, R13=0x000001d5e5f54030, R14=0x0000002f90dfc830, R15=0x000001d5e5ceb800
RIP=0x000000007110b5db, EFLAGS=0x0000000000010202

Top of Stack: (sp=0x0000002f90dfc700)
0x0000002f90dfc700:   000001d5e56ae6d0 000001d5e5f53da0
0x0000002f90dfc710:   000000007110b230 000001d5c8b80000
0x0000002f90dfc720:   000001d5c8ad0000 0000000000000004
0x0000002f90dfc730:   000001d5e5ceb9f8 00000000000008b0
0x0000002f90dfc740:   0000002f90dfc880 0000000071112590
0x0000002f90dfc750:   000001d5e5ceb800 0000002f90dfc830
0x0000002f90dfc760:   000001d5e5f54030 0000002f90dfc930
0x0000002f90dfc770:   000001d5e5f54030 00007ff9649747b1
0x0000002f90dfc780:   0000002f90dfc7b0 000001d5c8b80000
0x0000002f90dfc790:   0000002f90dfc880 0000000000000000
0x0000002f90dfc7a0:   0000000071113500 0000000071113be8
0x0000002f90dfc7b0:   0000002f90dfc7e0 0000000071112641
0x0000002f90dfc7c0:   0000002f90dfc750 000001d5e5ceb9f8
0x0000002f90dfc7d0:   0000000000000000 0000000000000000
0x0000002f90dfc7e0:   0000002f90dfc880 0000000071101595
0x0000002f90dfc7f0:   000000000000001c 000001d500000000 

Instructions: (pc=0x000000007110b5db)
0x000000007110b5bb:   c5 0f 1f 40 00 55 57 56 53 48 83 ec 28 48 8b 05
0x000000007110b5cb:   39 33 01 00 48 89 cb 48 85 c0 0f 84 c5 00 00 00
0x000000007110b5db:   8b 38 85 ff 0f 88 ab 00 00 00 48 8b 05 1c 33 01
0x000000007110b5eb:   00 48 85 c0 0f 84 bc 00 00 00 8b 30 85 f6 74 57 


Register to memory mapping:

RAX=0xffffffffeae97ff5 is an unknown value
RBX=0x0000002f90dfc770 is pointing into the stack for thread: 0x000001d5e5ceb800
RCX=0x00007ff9649ecf54 is an unknown value
RDX=0x0000000000000000 is an unknown value
RSP=0x0000002f90dfc700 is pointing into the stack for thread: 0x000001d5e5ceb800
RBP=0x0000002f90dfc880 is pointing into the stack for thread: 0x000001d5e5ceb800
RSI=0x000001d5e5ceb9f8 is an unknown value
RDI=0x00000000000008b0 is an unknown value
R8 =0x0000002f90dfc5f8 is pointing into the stack for thread: 0x000001d5e5ceb800
R9 =0x0000002f90dfc6f0 is pointing into the stack for thread: 0x000001d5e5ceb800
R10=0x0000000000000000 is an unknown value
R11=0x0000000000000246 is an unknown value
R12=0x0000002f90dfc930 is pointing into the stack for thread: 0x000001d5e5ceb800
R13=0x000001d5e5f54030 is an unknown value
R14=0x0000002f90dfc830 is pointing into the stack for thread: 0x000001d5e5ceb800
R15=0x000001d5e5ceb800 is a thread


Stack: [0x0000002f90d00000,0x0000002f90e00000],  sp=0x0000002f90dfc700,  free space=1009k
Native frames: (J=compiled Java code, j=interpreted, Vv=VM code, C=native code)
C  [jSSC-2.8_x86_64.dll+0xb5db]
C  [jSSC-2.8_x86_64.dll+0x12590]
C  [jSSC-2.8_x86_64.dll+0x1595]
C  0x000001d5ca539f4e

Java frames: (J=compiled Java code, j=interpreted, Vv=VM code)
j  jssc.SerialNativeInterface.openPort(Ljava/lang/String;Z)J+0
j  jssc.SerialPort.openPort()Z+65
j  GUI.Layout.connect(Ljava/lang/String;)Z+18
j  GUI.Layout.lambda$start$1(Ljavafx/scene/input/MouseEvent;)V+8
j  GUI.Layout$$Lambda$91.handle(Ljavafx/event/Event;)V+8
J 1861 C1 com.sun.javafx.event.CompositeEventHandler.dispatchBubblingEvent(Ljavafx/event/Event;)V (57 bytes) @ 0x000001d5cab0e4a4 [0x000001d5cab0e0c0+0x3e4]
J 1645 C1 com.sun.javafx.event.EventHandlerManager.dispatchBubblingEvent(Ljavafx/event/Event;)Ljavafx/event/Event; (23 bytes) @ 0x000001d5caa61bcc [0x000001d5caa61520+0x6ac]
J 1654 C1 com.sun.javafx.event.CompositeEventDispatcher.dispatchBubblingEvent(Ljavafx/event/Event;)Ljavafx/event/Event; (35 bytes) @ 0x000001d5caa6525c [0x000001d5caa650a0+0x1bc]
J 1573 C1 com.sun.javafx.event.BasicEventDispatcher.dispatchEvent(Ljavafx/event/Event;Ljavafx/event/EventDispatchChain;)Ljavafx/event/Event; (44 bytes) @ 0x000001d5caa453fc [0x000001d5caa450c0+0x33c]
J 1535 C1 com.sun.javafx.event.EventDispatchChainImpl.dispatchEvent(Ljavafx/event/Event;)Ljavafx/event/Event; (101 bytes) @ 0x000001d5caa32afc [0x000001d5caa32940+0x1bc]
J 1573 C1 com.sun.javafx.event.BasicEventDispatcher.dispatchEvent(Ljavafx/event/Event;Ljavafx/event/EventDispatchChain;)Ljavafx/event/Event; (44 bytes) @ 0x000001d5caa45314 [0x000001d5caa450c0+0x254]
J 1535 C1 com.sun.javafx.event.EventDispatchChainImpl.dispatchEvent(Ljavafx/event/Event;)Ljavafx/event/Event; (101 bytes) @ 0x000001d5caa32afc [0x000001d5caa32940+0x1bc]
J 1573 C1 com.sun.javafx.event.BasicEventDispatcher.dispatchEvent(Ljavafx/event/Event;Ljavafx/event/EventDispatchChain;)Ljavafx/event/Event; (44 bytes) @ 0x000001d5caa45314 [0x000001d5caa450c0+0x254]
J 1535 C1 com.sun.javafx.event.EventDispatchChainImpl.dispatchEvent(Ljavafx/event/Event;)Ljavafx/event/Event; (101 bytes) @ 0x000001d5caa32afc [0x000001d5caa32940+0x1bc]
J 1789 C1 com.sun.javafx.event.EventUtil.fireEvent(Ljavafx/event/EventTarget;Ljavafx/event/Event;)Ljavafx/event/Event; (81 bytes) @ 0x000001d5caad82b4 [0x000001d5caad7b80+0x734]
J 1809 C1 javafx.scene.Scene$ClickGenerator.postProcess(Ljavafx/scene/input/MouseEvent;Ljavafx/scene/Scene$TargetWrapper;Ljavafx/scene/Scene$TargetWrapper;)V (258 bytes) @ 0x000001d5caaec034 [0x000001d5caaea740+0x18f4]
J 1710 C1 javafx.scene.Scene$MouseHandler.process(Ljavafx/scene/input/MouseEvent;Z)V (735 bytes) @ 0x000001d5caa96c9c [0x000001d5caa93ee0+0x2dbc]
J 1997 C1 javafx.scene.Scene$ScenePeerListener.mouseEvent(Ljavafx/event/EventType;DDDDLjavafx/scene/input/MouseButton;ZZZZZZZZZ)V (50 bytes) @ 0x000001d5cab63a2c [0x000001d5cab63760+0x2cc]
J 1992 C1 com.sun.javafx.tk.quantum.GlassViewEventHandler$MouseEventNotification.run()Ljava/lang/Void; (624 bytes) @ 0x000001d5cab66224 [0x000001d5cab65180+0x10a4]
J 1991 C1 com.sun.javafx.tk.quantum.GlassViewEventHandler$MouseEventNotification.run()Ljava/lang/Object; (5 bytes) @ 0x000001d5cab6758c [0x000001d5cab67500+0x8c]
v  ~StubRoutines::call_stub
J 1252  java.security.AccessController.doPrivileged(Ljava/security/PrivilegedAction;Ljava/security/AccessControlContext;)Ljava/lang/Object; (0 bytes) @ 0x000001d5ca97bce6 [0x000001d5ca97bc80+0x66]
J 1818 C1 com.sun.javafx.tk.quantum.GlassViewEventHandler$$Lambda$217.get()Ljava/lang/Object; (8 bytes) @ 0x000001d5caaee10c [0x000001d5caaedf20+0x1ec]
J 1712 C1 com.sun.javafx.tk.quantum.QuantumToolkit.runWithoutRenderLock(Ljava/util/function/Supplier;)Ljava/lang/Object; (49 bytes) @ 0x000001d5caa9a2e4 [0x000001d5caa99da0+0x544]
J 1815 C1 com.sun.javafx.tk.quantum.GlassViewEventHandler.handleMouseEvent(Lcom/sun/glass/ui/View;JIIIIIIIZZ)V (108 bytes) @ 0x000001d5caaef464 [0x000001d5caaef040+0x424]
J 1720 C1 com.sun.glass.ui.View.notifyMouse(IIIIIIIZZ)V (221 bytes) @ 0x000001d5caa9e3dc [0x000001d5caa9d2e0+0x10fc]
v  ~StubRoutines::call_stub
j  com.sun.glass.ui.win.WinApplication._runLoop(Ljava/lang/Runnable;)V+0
j  com.sun.glass.ui.win.WinApplication.lambda$null$4(ILjava/lang/Runnable;)V+8
j  com.sun.glass.ui.win.WinApplication$$Lambda$38.run()V+12
j  java.lang.Thread.run()V+11
v  ~StubRoutines::call_stub

---------------  P R O C E S S  ---------------

Java Threads: ( => current thread )
  0x000001d5e60f6000 JavaThread "Prism Font Disposer" daemon [_thread_blocked, id=24692, stack(0x0000002f91600000,0x0000002f91700000)]
  0x000001d5e5f56800 JavaThread "Thread-3" daemon [_thread_in_native, id=22076, stack(0x0000002f91100000,0x0000002f91200000)]
  0x000001d5e5f29000 JavaThread "JavaFX-Launcher" [_thread_blocked, id=31372, stack(0x0000002f91200000,0x0000002f91300000)]
=>0x000001d5e5ceb800 JavaThread "JavaFX Application Thread" [_thread_in_native, id=24884, stack(0x0000002f90d00000,0x0000002f90e00000)]
  0x000001d5e5d79800 JavaThread "Thread-1" daemon [_thread_blocked, id=40988, stack(0x0000002f90c00000,0x0000002f90d00000)]
  0x000001d5e5917000 JavaThread "QuantumRenderer-0" daemon [_thread_blocked, id=31200, stack(0x0000002f90b00000,0x0000002f90c00000)]
  0x000001d5e5640000 JavaThread "Service Thread" daemon [_thread_blocked, id=32536, stack(0x0000002f90900000,0x0000002f90a00000)]
  0x000001d5e41eb000 JavaThread "C1 CompilerThread3" daemon [_thread_blocked, id=13256, stack(0x0000002f90800000,0x0000002f90900000)]
  0x000001d5e41ea800 JavaThread "C2 CompilerThread2" daemon [_thread_blocked, id=15236, stack(0x0000002f90700000,0x0000002f90800000)]
  0x000001d5e41de000 JavaThread "C2 CompilerThread1" daemon [_thread_blocked, id=26096, stack(0x0000002f90600000,0x0000002f90700000)]
  0x000001d5e41d9800 JavaThread "C2 CompilerThread0" daemon [_thread_blocked, id=6760, stack(0x0000002f90500000,0x0000002f90600000)]
  0x000001d5e41cf800 JavaThread "Monitor Ctrl-Break" daemon [_thread_in_native, id=33780, stack(0x0000002f90400000,0x0000002f90500000)]
  0x000001d5e4169800 JavaThread "Attach Listener" daemon [_thread_blocked, id=20760, stack(0x0000002f90300000,0x0000002f90400000)]
  0x000001d5e4168800 JavaThread "Signal Dispatcher" daemon [_thread_blocked, id=25816, stack(0x0000002f90200000,0x0000002f90300000)]
  0x000001d5e4142800 JavaThread "Finalizer" daemon [_thread_blocked, id=21988, stack(0x0000002f90100000,0x0000002f90200000)]
  0x000001d5e413a800 JavaThread "Reference Handler" daemon [_thread_blocked, id=29048, stack(0x0000002f90000000,0x0000002f90100000)]
  0x000001d5c8bb9800 JavaThread "main" [_thread_blocked, id=6860, stack(0x0000002f8f600000,0x0000002f8f700000)]

Other Threads:
  0x000001d5e4112800 VMThread [stack: 0x0000002f8ff00000,0x0000002f90000000] [id=9288]
  0x000001d5e5642800 WatcherThread [stack: 0x0000002f90a00000,0x0000002f90b00000] [id=24496]

VM state:not at safepoint (normal execution)

VM Mutex/Monitor currently owned by a thread: None

heap address: 0x00000006c3a00000, size: 4038 MB, Compressed Oops mode: Zero based, Oop shift amount: 3
Narrow klass base: 0x0000000000000000, Narrow klass shift: 3
Compressed class space size: 1073741824 Address: 0x00000007c0000000

Heap:
 PSYoungGen      total 75776K, used 53056K [0x000000076be00000, 0x0000000771280000, 0x00000007c0000000)
  eden space 65024K, 81% used [0x000000076be00000,0x000000076f1d0320,0x000000076fd80000)
  from space 10752K, 0% used [0x0000000770800000,0x0000000770800000,0x0000000771280000)
  to   space 10752K, 0% used [0x000000076fd80000,0x000000076fd80000,0x0000000770800000)
 ParOldGen       total 173568K, used 0K [0x00000006c3a00000, 0x00000006ce380000, 0x000000076be00000)
  object space 173568K, 0% used [0x00000006c3a00000,0x00000006c3a00000,0x00000006ce380000)
 Metaspace       used 16640K, capacity 17610K, committed 17792K, reserved 1064960K
  class space    used 2449K, capacity 2651K, committed 2688K, reserved 1048576K

Card table byte_map: [0x000001d5d98e0000,0x000001d5da0d0000] byte_map_base: 0x000001d5d62c3000

Marking Bits: (ParMarkBitMap*) 0x00000000684e4fb0
 Begin Bits: [0x000001d5da620000, 0x000001d5de538000)
 End Bits:   [0x000001d5de538000, 0x000001d5e2450000)

Polling page: 0x000001d5c8ca0000

CodeCache: size=245760Kb used=6738Kb max_used=6747Kb free=239022Kb
 bounds [0x000001d5ca520000, 0x000001d5cabc0000, 0x000001d5d9520000]
 total_blobs=2790 nmethods=2128 adapters=574
 compilation: enabled

Compilation events (10 events):
Event: 79.102 Thread 0x000001d5e41eb000 2143       3       javafx.scene.control.Labeled::getLabelPadding (24 bytes)
Event: 79.103 Thread 0x000001d5e41eb000 nmethod 2143 0x000001d5cabb69d0 code [0x000001d5cabb6b40, 0x000001d5cabb6eb0]
Event: 79.103 Thread 0x000001d5e41eb000 2144       3       javafx.scene.layout.Region::computeYOffset (64 bytes)
Event: 79.103 Thread 0x000001d5e41eb000 nmethod 2144 0x000001d5cabb6f90 code [0x000001d5cabb7140, 0x000001d5cabb7470]
Event: 79.104 Thread 0x000001d5e41de000 nmethod 2140 0x000001d5cabb0e90 code [0x000001d5cabb0fe0, 0x000001d5cabb10b8]
Event: 79.104 Thread 0x000001d5e41eb000 2145       1       javafx.scene.layout.CornerRadii::isUniform (5 bytes)
Event: 79.104 Thread 0x000001d5e41d9800 nmethod 2141 0x000001d5cabb8a90 code [0x000001d5cabb8be0, 0x000001d5cabb8d08]
Event: 79.104 Thread 0x000001d5e41eb000 nmethod 2145 0x000001d5cabb87d0 code [0x000001d5cabb8920, 0x000001d5cabb8a38]
Event: 79.104 Thread 0x000001d5e41eb000 2146       1       com.sun.javafx.UnmodifiableArrayList::get (7 bytes)
Event: 79.105 Thread 0x000001d5e41eb000 nmethod 2146 0x000001d5cabb8490 code [0x000001d5cabb85e0, 0x000001d5cabb8718]

GC Heap History (0 events):
No events

Deoptimization events (10 events):
Event: 0.863 Thread 0x000001d5e5ceb800 Uncommon trap: reason=unstable_if action=reinterpret pc=0x000001d5ca83c150 method=sun.misc.URLClassPath$JarLoader.ensureOpen()V @ 4
Event: 0.876 Thread 0x000001d5e5ceb800 Uncommon trap: reason=unstable_if action=reinterpret pc=0x000001d5ca809a70 method=sun.net.www.ParseUtil.encodePath(Ljava/lang/String;Z)Ljava/lang/String; @ 109
Event: 0.999 Thread 0x000001d5e5ceb800 Uncommon trap: reason=unstable_if action=reinterpret pc=0x000001d5ca6aa780 method=java.lang.CharacterData.of(I)Ljava/lang/CharacterData; @ 4
Event: 1.180 Thread 0x000001d5e5ceb800 Uncommon trap: reason=unstable_if action=reinterpret pc=0x000001d5ca863928 method=jdk.internal.org.objectweb.asm.Type.getArgumentsAndReturnSizes(Ljava/lang/String;)I @ 47
Event: 27.726 Thread 0x000001d5e5ceb800 Uncommon trap: reason=unstable_if action=reinterpret pc=0x000001d5caa54214 method=javafx.scene.Node.updateLocalToParentTransform()V @ 4
Event: 27.751 Thread 0x000001d5e5ceb800 Uncommon trap: reason=unstable_if action=reinterpret pc=0x000001d5ca8c67ac method=java.io.ByteArrayInputStream.read()I @ 8
Event: 27.751 Thread 0x000001d5e5ceb800 Uncommon trap: reason=class_check action=maybe_recompile pc=0x000001d5ca869630 method=java.io.FilterInputStream.read()I @ 4
Event: 27.751 Thread 0x000001d5e5ceb800 Uncommon trap: reason=class_check action=maybe_recompile pc=0x000001d5ca869630 method=java.io.FilterInputStream.read()I @ 4
Event: 27.751 Thread 0x000001d5e5ceb800 Uncommon trap: reason=class_check action=maybe_recompile pc=0x000001d5ca869630 method=java.io.FilterInputStream.read()I @ 4
Event: 27.751 Thread 0x000001d5e5ceb800 Uncommon trap: reason=class_check action=maybe_recompile pc=0x000001d5ca869630 method=java.io.FilterInputStream.read()I @ 4

Classes redefined (0 events):
No events

Internal exceptions (10 events):
Event: 0.202 Thread 0x000001d5c8bb9800 Exception <a 'java/security/PrivilegedActionException'> (0x000000076c3db9e0) thrown at [C:\jenkins\workspace\8-2-build-windows-amd64-cygwin\jdk8u261\295\hotspot\src\share\vm\prims\jvm.cpp, line 1512]
Event: 0.202 Thread 0x000001d5c8bb9800 Exception <a 'java/security/PrivilegedActionException'> (0x000000076c3dbbf0) thrown at [C:\jenkins\workspace\8-2-build-windows-amd64-cygwin\jdk8u261\295\hotspot\src\share\vm\prims\jvm.cpp, line 1512]
Event: 0.202 Thread 0x000001d5c8bb9800 Exception <a 'java/security/PrivilegedActionException'> (0x000000076c3dfbd8) thrown at [C:\jenkins\workspace\8-2-build-windows-amd64-cygwin\jdk8u261\295\hotspot\src\share\vm\prims\jvm.cpp, line 1512]
Event: 0.202 Thread 0x000001d5c8bb9800 Exception <a 'java/security/PrivilegedActionException'> (0x000000076c3dfde8) thrown at [C:\jenkins\workspace\8-2-build-windows-amd64-cygwin\jdk8u261\295\hotspot\src\share\vm\prims\jvm.cpp, line 1512]
Event: 0.203 Thread 0x000001d5c8bb9800 Exception <a 'java/lang/NullPointerException'> (0x000000076c3e07f0) thrown at [C:\jenkins\workspace\8-2-build-windows-amd64-cygwin\jdk8u261\295\hotspot\src\share\vm\interpreter\linkResolver.cpp, line 1185]
Event: 0.218 Thread 0x000001d5c8bb9800 Implicit null exception at 0x000001d5ca646895 to 0x000001d5ca646a65
Event: 0.455 Thread 0x000001d5e5ceb800 Exception <a 'java/lang/NullPointerException'> (0x000000076d1153f8) thrown at [C:\jenkins\workspace\8-2-build-windows-amd64-cygwin\jdk8u261\295\hotspot\src\share\vm\interpreter\linkResolver.cpp, line 1185]
Event: 0.455 Thread 0x000001d5e5ceb800 Exception <a 'java/lang/NullPointerException'> (0x000000076d1153f8) thrown at [C:\jenkins\workspace\8-2-build-windows-amd64-cygwin\jdk8u261\295\hotspot\src\share\vm\prims\jvm.cpp, line 1516]
Event: 0.696 Thread 0x000001d5e5ceb800 Implicit null exception at 0x000001d5ca7a3ef5 to 0x000001d5ca7a40e5
Event: 0.863 Thread 0x000001d5e5ceb800 Implicit null exception at 0x000001d5ca83aa46 to 0x000001d5ca83c145

Events (10 events):
Event: 74.880 Thread 0x000001d5e41eb000 flushing nmethod 0x000001d5ca632690
Event: 74.880 Thread 0x000001d5e41eb000 flushing nmethod 0x000001d5ca632a50
Event: 74.880 Thread 0x000001d5e41eb000 flushing nmethod 0x000001d5ca634f50
Event: 74.880 Thread 0x000001d5e41eb000 flushing nmethod 0x000001d5ca635310
Event: 74.880 Thread 0x000001d5e41eb000 flushing nmethod 0x000001d5ca63f5d0
Event: 74.880 Thread 0x000001d5e41eb000 flushing nmethod 0x000001d5ca642690
Event: 74.880 Thread 0x000001d5e41eb000 flushing nmethod 0x000001d5ca646710
Event: 74.880 Thread 0x000001d5e41eb000 flushing nmethod 0x000001d5ca648690
Event: 74.880 Thread 0x000001d5e41eb000 flushing nmethod 0x000001d5ca64cfd0
Event: 74.880 Thread 0x000001d5e41eb000 flushing nmethod 0x000001d5ca651450


Dynamic libraries:
0x00007ff702250000 - 0x00007ff702297000 	C:\Program Files\Java\jdk1.8.0_261\bin\java.exe
0x00007ff964950000 - 0x00007ff964b45000 	C:\windows\SYSTEM32\ntdll.dll
0x00007ff962c50000 - 0x00007ff962d0e000 	C:\windows\System32\KERNEL32.DLL
0x00007ff962140000 - 0x00007ff962408000 	C:\windows\System32\KERNELBASE.dll
0x00007ff963440000 - 0x00007ff9634ee000 	C:\windows\System32\ADVAPI32.dll
0x00007ff962bb0000 - 0x00007ff962c4e000 	C:\windows\System32\msvcrt.dll
0x00007ff9633a0000 - 0x00007ff96343c000 	C:\windows\System32\sechost.dll
0x00007ff9629f0000 - 0x00007ff962b15000 	C:\windows\System32\RPCRT4.dll
0x00007ff964500000 - 0x00007ff9646a1000 	C:\windows\System32\USER32.dll
0x00007ff962110000 - 0x00007ff962132000 	C:\windows\System32\win32u.dll
0x00007ff962b20000 - 0x00007ff962b4b000 	C:\windows\System32\GDI32.dll
0x00007ff962440000 - 0x00007ff96254d000 	C:\windows\System32\gdi32full.dll
0x00007ff962550000 - 0x00007ff9625ed000 	C:\windows\System32\msvcp_win.dll
0x00007ff9626a0000 - 0x00007ff9627a0000 	C:\windows\System32\ucrtbase.dll
0x00007ff952fa0000 - 0x00007ff95323a000 	C:\windows\WinSxS\amd64_microsoft.windows.common-controls_6595b64144ccf1df_6.0.19041.1110_none_60b5254171f9507e\COMCTL32.dll
0x00007ff964320000 - 0x00007ff964350000 	C:\windows\System32\IMM32.DLL
0x00007ff932c80000 - 0x00007ff932c95000 	C:\Program Files\Java\jdk1.8.0_261\jre\bin\vcruntime140.dll
0x00007ff911e80000 - 0x00007ff911f1b000 	C:\Program Files\Java\jdk1.8.0_261\jre\bin\msvcp140.dll
0x0000000067cf0000 - 0x000000006855c000 	C:\Program Files\Java\jdk1.8.0_261\jre\bin\server\jvm.dll
0x00007ff9634f0000 - 0x00007ff9634f8000 	C:\windows\System32\PSAPI.DLL
0x00007ff95b7e0000 - 0x00007ff95b7e9000 	C:\windows\SYSTEM32\WSOCK32.dll
0x00007ff964170000 - 0x00007ff9641db000 	C:\windows\System32\WS2_32.dll
0x00007ff93be40000 - 0x00007ff93be67000 	C:\windows\SYSTEM32\WINMM.dll
0x00007ff959f20000 - 0x00007ff959f2a000 	C:\windows\SYSTEM32\VERSION.dll
0x00007ff9608e0000 - 0x00007ff9608f2000 	C:\windows\SYSTEM32\kernel.appcore.dll
0x00007ff932bd0000 - 0x00007ff932be0000 	C:\Program Files\Java\jdk1.8.0_261\jre\bin\verify.dll
0x00007ff9304f0000 - 0x00007ff93051b000 	C:\Program Files\Java\jdk1.8.0_261\jre\bin\java.dll
0x00007ff92ffd0000 - 0x00007ff930002000 	C:\Program Files\Java\jdk1.8.0_261\jre\bin\instrument.dll
0x00007ff92f5e0000 - 0x00007ff92f5f8000 	C:\Program Files\Java\jdk1.8.0_261\jre\bin\zip.dll
0x00007ff9635a0000 - 0x00007ff963ce4000 	C:\windows\System32\SHELL32.dll
0x00007ff960020000 - 0x00007ff9607b5000 	C:\windows\SYSTEM32\windows.storage.dll
0x00007ff962f30000 - 0x00007ff963285000 	C:\windows\System32\combase.dll
0x00007ff961ab0000 - 0x00007ff961ade000 	C:\windows\SYSTEM32\Wldp.dll
0x00007ff963290000 - 0x00007ff96333d000 	C:\windows\System32\SHCORE.dll
0x00007ff962b50000 - 0x00007ff962ba5000 	C:\windows\System32\shlwapi.dll
0x00007ff961fa0000 - 0x00007ff961fbf000 	C:\windows\SYSTEM32\profapi.dll
0x00007ff92f5c0000 - 0x00007ff92f5da000 	C:\Program Files\JetBrains\IntelliJ IDEA Community Edition 2018.3.6\bin\breakgen64.dll
0x00007ff92f5a0000 - 0x00007ff92f5bc000 	C:\Program Files\Java\jdk1.8.0_261\jre\bin\net.dll
0x00007ff961810000 - 0x00007ff96187a000 	C:\windows\system32\mswsock.dll
0x000001d5c8d40000 - 0x000001d5c8d43000 	C:\Program Files\Java\jdk1.8.0_261\jre\bin\api-ms-win-core-console-l1-1-0.dll
0x000001d5c8d50000 - 0x000001d5c8d53000 	C:\Program Files\Java\jdk1.8.0_261\jre\bin\api-ms-win-core-datetime-l1-1-0.dll
0x000001d5c8d60000 - 0x000001d5c8d63000 	C:\Program Files\Java\jdk1.8.0_261\jre\bin\api-ms-win-core-debug-l1-1-0.dll
0x000001d5e5950000 - 0x000001d5e5953000 	C:\Program Files\Java\jdk1.8.0_261\jre\bin\api-ms-win-core-errorhandling-l1-1-0.dll
0x000001d5e5960000 - 0x000001d5e5964000 	C:\Program Files\Java\jdk1.8.0_261\jre\bin\api-ms-win-core-file-l1-1-0.dll
0x000001d5e5970000 - 0x000001d5e5973000 	C:\Program Files\Java\jdk1.8.0_261\jre\bin\api-ms-win-core-file-l1-2-0.dll
0x000001d5e5980000 - 0x000001d5e5983000 	C:\Program Files\Java\jdk1.8.0_261\jre\bin\api-ms-win-core-file-l2-1-0.dll
0x000001d5e5990000 - 0x000001d5e5993000 	C:\Program Files\Java\jdk1.8.0_261\jre\bin\api-ms-win-core-handle-l1-1-0.dll
0x000001d5e59a0000 - 0x000001d5e59a3000 	C:\Program Files\Java\jdk1.8.0_261\jre\bin\api-ms-win-core-heap-l1-1-0.dll
0x000001d5e59b0000 - 0x000001d5e59b3000 	C:\Program Files\Java\jdk1.8.0_261\jre\bin\api-ms-win-core-interlocked-l1-1-0.dll
0x000001d5e59c0000 - 0x000001d5e59c3000 	C:\Program Files\Java\jdk1.8.0_261\jre\bin\api-ms-win-core-libraryloader-l1-1-0.dll
0x000001d5e59d0000 - 0x000001d5e59d3000 	C:\Program Files\Java\jdk1.8.0_261\jre\bin\api-ms-win-core-localization-l1-2-0.dll
0x000001d5e59e0000 - 0x000001d5e59e3000 	C:\Program Files\Java\jdk1.8.0_261\jre\bin\api-ms-win-core-memory-l1-1-0.dll
0x000001d5e59f0000 - 0x000001d5e59f3000 	C:\Program Files\Java\jdk1.8.0_261\jre\bin\api-ms-win-core-namedpipe-l1-1-0.dll
0x000001d5e5a00000 - 0x000001d5e5a03000 	C:\Program Files\Java\jdk1.8.0_261\jre\bin\api-ms-win-core-processenvironment-l1-1-0.dll
0x000001d5e5a10000 - 0x000001d5e5a13000 	C:\Program Files\Java\jdk1.8.0_261\jre\bin\api-ms-win-core-processthreads-l1-1-0.dll
0x000001d5e5a20000 - 0x000001d5e5a23000 	C:\Program Files\Java\jdk1.8.0_261\jre\bin\api-ms-win-core-processthreads-l1-1-1.dll
0x000001d5e5a30000 - 0x000001d5e5a33000 	C:\Program Files\Java\jdk1.8.0_261\jre\bin\api-ms-win-core-profile-l1-1-0.dll
0x000001d5e5a40000 - 0x000001d5e5a43000 	C:\Program Files\Java\jdk1.8.0_261\jre\bin\api-ms-win-core-rtlsupport-l1-1-0.dll
0x000001d5e5a50000 - 0x000001d5e5a53000 	C:\Program Files\Java\jdk1.8.0_261\jre\bin\api-ms-win-core-string-l1-1-0.dll
0x000001d5e5a60000 - 0x000001d5e5a63000 	C:\Program Files\Java\jdk1.8.0_261\jre\bin\api-ms-win-core-synch-l1-1-0.dll
0x000001d5e5a70000 - 0x000001d5e5a73000 	C:\Program Files\Java\jdk1.8.0_261\jre\bin\api-ms-win-core-synch-l1-2-0.dll
0x000001d5e5a80000 - 0x000001d5e5a83000 	C:\Program Files\Java\jdk1.8.0_261\jre\bin\api-ms-win-core-sysinfo-l1-1-0.dll
0x000001d5e5a90000 - 0x000001d5e5a93000 	C:\Program Files\Java\jdk1.8.0_261\jre\bin\api-ms-win-core-timezone-l1-1-0.dll
0x000001d5e5aa0000 - 0x000001d5e5aa3000 	C:\Program Files\Java\jdk1.8.0_261\jre\bin\api-ms-win-core-util-l1-1-0.dll
0x000001d5e5ab0000 - 0x000001d5e5ab3000 	C:\Program Files\Java\jdk1.8.0_261\jre\bin\api-ms-win-crt-conio-l1-1-0.dll
0x000001d5e5ac0000 - 0x000001d5e5ac4000 	C:\Program Files\Java\jdk1.8.0_261\jre\bin\api-ms-win-crt-convert-l1-1-0.dll
0x000001d5e5ad0000 - 0x000001d5e5ad3000 	C:\Program Files\Java\jdk1.8.0_261\jre\bin\api-ms-win-crt-environment-l1-1-0.dll
0x000001d5e5ae0000 - 0x000001d5e5ae3000 	C:\Program Files\Java\jdk1.8.0_261\jre\bin\api-ms-win-crt-filesystem-l1-1-0.dll
0x000001d5e5af0000 - 0x000001d5e5af3000 	C:\Program Files\Java\jdk1.8.0_261\jre\bin\api-ms-win-crt-heap-l1-1-0.dll
0x000001d5e5b00000 - 0x000001d5e5b03000 	C:\Program Files\Java\jdk1.8.0_261\jre\bin\api-ms-win-crt-locale-l1-1-0.dll
0x000001d5e5b10000 - 0x000001d5e5b15000 	C:\Program Files\Java\jdk1.8.0_261\jre\bin\api-ms-win-crt-math-l1-1-0.dll
0x000001d5e5b20000 - 0x000001d5e5b25000 	C:\Program Files\Java\jdk1.8.0_261\jre\bin\api-ms-win-crt-multibyte-l1-1-0.dll
0x000001d5e5b30000 - 0x000001d5e5b40000 	C:\Program Files\Java\jdk1.8.0_261\jre\bin\api-ms-win-crt-private-l1-1-0.dll
0x000001d5e5b40000 - 0x000001d5e5b43000 	C:\Program Files\Java\jdk1.8.0_261\jre\bin\api-ms-win-crt-process-l1-1-0.dll
0x000001d5e5b50000 - 0x000001d5e5b54000 	C:\Program Files\Java\jdk1.8.0_261\jre\bin\api-ms-win-crt-runtime-l1-1-0.dll
0x000001d5e5b60000 - 0x000001d5e5b64000 	C:\Program Files\Java\jdk1.8.0_261\jre\bin\api-ms-win-crt-stdio-l1-1-0.dll
0x000001d5e5b70000 - 0x000001d5e5b74000 	C:\Program Files\Java\jdk1.8.0_261\jre\bin\api-ms-win-crt-string-l1-1-0.dll
0x000001d5e5b80000 - 0x000001d5e5b83000 	C:\Program Files\Java\jdk1.8.0_261\jre\bin\api-ms-win-crt-time-l1-1-0.dll
0x000001d5e5b90000 - 0x000001d5e5b93000 	C:\Program Files\Java\jdk1.8.0_261\jre\bin\api-ms-win-crt-utility-l1-1-0.dll
0x00007ff90bf50000 - 0x00007ff90c04c000 	C:\Program Files\Java\jdk1.8.0_261\jre\bin\ucrtbase.dll
0x00007ff91f320000 - 0x00007ff91f371000 	C:\Program Files\Java\jdk1.8.0_261\jre\bin\concrt140.dll
0x00007ff92f500000 - 0x00007ff92f523000 	C:\Program Files\Java\jdk1.8.0_261\jre\bin\prism_d3d.dll
0x00007ff9161d0000 - 0x00007ff9163a0000 	C:\windows\system32\d3d9.dll
0x00007ff95fa60000 - 0x00007ff95fa8f000 	C:\windows\SYSTEM32\dwmapi.dll
0x00007ff95f5a0000 - 0x00007ff95f63e000 	C:\windows\system32\uxtheme.dll
0x00007ff9127b0000 - 0x00007ff912915000 	C:\windows\System32\DriverStore\FileRepository\iigd_dch.inf_amd64_14d6d9e2312c79ae\igdumdim64.dll
0x00007ff9641e0000 - 0x00007ff96430a000 	C:\windows\System32\ole32.dll
0x00007ff8e7cf0000 - 0x00007ff8eb915000 	C:\windows\System32\DriverStore\FileRepository\iigd_dch.inf_amd64_14d6d9e2312c79ae\igd9dxva64.dll
0x00007ff964840000 - 0x00007ff96490d000 	C:\windows\System32\OLEAUT32.dll
0x00007ff963cf0000 - 0x00007ff964162000 	C:\windows\System32\SETUPAPI.dll
0x00007ff9625f0000 - 0x00007ff96263e000 	C:\windows\System32\cfgmgr32.dll
0x00007ff962410000 - 0x00007ff962437000 	C:\windows\System32\bcrypt.dll
0x00007ff9508d0000 - 0x00007ff950c8d000 	C:\windows\System32\DriverStore\FileRepository\iigd_dch.inf_amd64_14d6d9e2312c79ae\igdgmm64.dll
0x00007ff9193f0000 - 0x00007ff919435000 	C:\Program Files\Java\jdk1.8.0_261\jre\bin\glass.dll
0x00007ff962da0000 - 0x00007ff962e7a000 	C:\windows\System32\COMDLG32.dll
0x00007ff9646b0000 - 0x00007ff9647c5000 	C:\windows\System32\MSCTF.dll
0x00007ff9627a0000 - 0x00007ff962822000 	C:\windows\System32\bcryptPrimitives.dll
0x00007ff8f7ce0000 - 0x00007ff8f7d07000 	C:\windows\System32\DriverStore\FileRepository\iigd_dch.inf_amd64_14d6d9e2312c79ae\igdinfo64.dll
0x00007ff94d590000 - 0x00007ff9507c8000 	C:\windows\System32\DriverStore\FileRepository\iigd_dch.inf_amd64_14d6d9e2312c79ae\igc64.dll
0x00007ff953ec0000 - 0x00007ff953efb000 	C:\windows\SYSTEM32\dxcore.dll
0x00007ff92f450000 - 0x00007ff92f464000 	C:\Program Files\Java\jdk1.8.0_261\jre\bin\javafx_font.dll
0x00007ff962e80000 - 0x00007ff962f29000 	C:\windows\System32\clbcatq.dll
0x00007ff959560000 - 0x00007ff959714000 	C:\windows\SYSTEM32\WindowsCodecs.dll
0x00007ff916fe0000 - 0x00007ff91701e000 	C:\windows\system32\dataexchange.dll
0x00007ff95ed20000 - 0x00007ff95ef05000 	C:\windows\system32\dcomp.dll
0x00007ff95e170000 - 0x00007ff95e3d4000 	C:\windows\system32\d3d11.dll
0x00007ff960a70000 - 0x00007ff960b64000 	C:\windows\system32\dxgi.dll
0x00007ff95a4e0000 - 0x00007ff95a6e1000 	C:\windows\system32\twinapi.appcore.dll
0x00007ff919460000 - 0x00007ff919494000 	C:\Program Files\Common Files\Microsoft Shared\Ink\rtscom.dll
0x00007ff93ef10000 - 0x00007ff93f009000 	C:\windows\SYSTEM32\textinputframework.dll
0x00007ff95ef10000 - 0x00007ff95f26e000 	C:\windows\System32\CoreUIComponents.dll
0x00007ff95f270000 - 0x00007ff95f362000 	C:\windows\System32\CoreMessaging.dll
0x00007ff960d90000 - 0x00007ff960dc3000 	C:\windows\SYSTEM32\ntmarta.dll
0x00007ff95e840000 - 0x00007ff95e994000 	C:\windows\SYSTEM32\wintypes.dll
0x00007ff91a3e0000 - 0x00007ff91a663000 	C:\windows\SYSTEM32\dwrite.dll
0x00007ff92f430000 - 0x00007ff92f442000 	C:\Program Files\Java\jdk1.8.0_261\jre\bin\prism_common.dll
0x00007ff95dbb0000 - 0x00007ff95e170000 	C:\windows\SYSTEM32\d2d1.dll
0x00007ff953f40000 - 0x00007ff954636000 	C:\windows\SYSTEM32\D3D10Warp.dll
0x0000000071100000 - 0x0000000071125000 	C:\Users\karsv\.jssc\windows\jSSC-2.8_x86_64.dll
0x00007ff95fe30000 - 0x00007ff960014000 	C:\windows\SYSTEM32\dbghelp.dll

VM Arguments:
jvm_args: -javaagent:C:\Program Files\JetBrains\IntelliJ IDEA Community Edition 2018.3.6\lib\idea_rt.jar=63716:C:\Program Files\JetBrains\IntelliJ IDEA Community Edition 2018.3.6\bin -Dfile.encoding=UTF-8 
java_command: GUI.Layout
java_class_path (initial): C:\Program Files\Java\jdk1.8.0_261\jre\lib\charsets.jar;C:\Program Files\Java\jdk1.8.0_261\jre\lib\deploy.jar;C:\Program Files\Java\jdk1.8.0_261\jre\lib\ext\access-bridge-64.jar;C:\Program Files\Java\jdk1.8.0_261\jre\lib\ext\cldrdata.jar;C:\Program Files\Java\jdk1.8.0_261\jre\lib\ext\dnsns.jar;C:\Program Files\Java\jdk1.8.0_261\jre\lib\ext\jaccess.jar;C:\Program Files\Java\jdk1.8.0_261\jre\lib\ext\jfxrt.jar;C:\Program Files\Java\jdk1.8.0_261\jre\lib\ext\localedata.jar;C:\Program Files\Java\jdk1.8.0_261\jre\lib\ext\nashorn.jar;C:\Program Files\Java\jdk1.8.0_261\jre\lib\ext\sunec.jar;C:\Program Files\Java\jdk1.8.0_261\jre\lib\ext\sunjce_provider.jar;C:\Program Files\Java\jdk1.8.0_261\jre\lib\ext\sunmscapi.jar;C:\Program Files\Java\jdk1.8.0_261\jre\lib\ext\sunpkcs11.jar;C:\Program Files\Java\jdk1.8.0_261\jre\lib\ext\zipfs.jar;C:\Program Files\Java\jdk1.8.0_261\jre\lib\javaws.jar;C:\Program Files\Java\jdk1.8.0_261\jre\lib\jce.jar;C:\Program Files\Java\jdk1.8.0_261\jre\lib\jfr.jar;C:\Program Files\Java\jdk1.8.0_261\jre\lib\jfxswt.jar;C:\Program Files\Java\jdk1.8.0_261\jre\lib\jsse.jar;C:\Program Files\Java\jdk1.8.0_261\jre\lib\management-agent.jar;C:\Program Files\Java\jdk1.8.0_261\jre\lib\plugin.jar;C:\Program Files\Java\jdk1.8.0_261\jre\lib\resources.jar;C:\Program Files\Java\jdk1.8.0_261\jre\lib\rt.jar;C:\Users\karsv\OneDrive\Documenten\GitHub\BoeBot\out\production\BoeBot;C:\Users\karsv\OneDrive\Documenten\GitHub\BoeBot\lib\BoeBotLib.jar;C:\Users\karsv\OneDrive\Documenten\GitHub\BoeBot\lib\jssc-2.8.0.jar;C:\Users\karsv\OneDrive\Documenten\GitHub\BoeBot\lib\jssc-2.9.4.jar;C:\Program Files\JetBrains\IntelliJ IDEA Community Edition 2018.3.6\lib\idea_rt.jar
Launcher Type: SUN_STANDARD

Environment Variables:
JAVA_HOME=C:\Program Files\Java\jdk1.8.0_261
PATH=C:\Program Files (x86)\Common Files\Oracle\Java\javapath;C:\windows\system32;C:\windows;C:\windows\System32\Wbem;C:\windows\System32\WindowsPowerShell\v1.0\;C:\windows\System32\OpenSSH\;C:\Program Files\Java\jdk1.8.0_261\bin;C:\Program Files\dotnet\;C:\Program Files\PuTTY\;C:\Program Files\Microsoft SQL Server\Client SDK\ODBC\170\Tools\Binn\;C:\Program Files (x86)\Microsoft SQL Server\150\Tools\Binn\;C:\Program Files\Microsoft SQL Server\150\Tools\Binn\;C:\Program Files\Microsoft SQL Server\150\DTS\Binn\;C:\Program Files (x86)\Microsoft SQL Server\150\DTS\Binn\;C:\Program Files\Azure Data Studio\bin;C:\Program Files (x86)\dotnet\;C:\Users\karsv\AppData\Local\gitkraken;C:\Program Files\Git\cmd;C:\Users\karsv\AppData\Local\Programs\Python\Python39\Scripts\;C:\Users\karsv\AppData\Local\Programs\Python\Python39\;C:\Users\karsv\AppData\Local\Microsoft\WindowsApps;C:\Program Files\JetBrains\IntelliJ IDEA Community Edition 2018.3.6\bin;C:\Users\karsv\AppData\Local\GitHubDesktop\bin;C:\Users\karsv\AppData\Local\Programs\Microsoft VS Code\bin;C:\Users\karsv\.dotnet\tools;C:\Program Files\Azure Data Studio\bin;C:\Users\karsv\AppData\Local\gitkraken\bin
USERNAME=karsv
OS=Windows_NT
PROCESSOR_IDENTIFIER=Intel64 Family 6 Model 140 Stepping 1, GenuineIntel



---------------  S Y S T E M  ---------------

OS: Windows 10.0 , 64 bit Build 19041 (10.0.19041.1466)

CPU:total 8 (initial active 8) (4 cores per cpu, 2 threads per core) family 6 model 140 stepping 1, cmov, cx8, fxsr, mmx, sse, sse2, sse3, ssse3, sse4.1, sse4.2, popcnt, avx, avx2, aes, clmul, erms, 3dnowpref, lzcnt, ht, tsc, tscinvbit, bmi1, bmi2, adx

Memory: 4k page, physical 16537592k(5983128k free), swap 41703416k(21389188k free)

vm_info: Java HotSpot(TM) 64-Bit Server VM (25.261-b12) for windows-amd64 JRE (1.8.0_261-b12), built on Jun 18 2020 06:56:32 by "" with unknown MS VC++:1916

time: Mon Feb 14 13:21:28 2022
timezone: West-Europa (standaardtijd)
elapsed time: 79 seconds (0d 0h 1m 19s)

