#
# A fatal error has been detected by the Java Runtime Environment:
#
#  EXCEPTION_ACCESS_VIOLATION (0xc0000005) at pc=0x000000007110b5db, pid=45620, tid=0x000000000000933c
#
# JRE version: Java(TM) SE Runtime Environment (8.0_261-b12) (build 1.8.0_261-b12)
# Java VM: Java HotSpot(TM) 64-Bit Server VM (25.261-b12 mixed mode windows-amd64 compressed oops)
# Problematic frame:
# C  [jSSC-2.8_x86_64.dll+0xb5db]
#
# Failed to write core dump. Minidumps are not enabled by default on client versions of Windows
#
# If you would like to submit a bug report, please visit:
#   http://bugreport.java.com/bugreport/crash.jsp
# The crash happened outside the Java Virtual Machine in native code.
# See problematic frame for where to report the bug.
#

---------------  T H R E A D  ---------------

Current thread (0x000002185abb5800):  JavaThread "JavaFX Application Thread" [_thread_in_native, id=37692, stack(0x0000003ab2a00000,0x0000003ab2b00000)]

siginfo: ExceptionCode=0xc0000005, reading address 0x000000005fe4ebb8

Registers:
RAX=0x000000005fe4ebb8, RBX=0x0000003ab2afc3a0, RCX=0x00007ffb7dd6cf54, RDX=0x0000000000000000
RSP=0x0000003ab2afc330, RBP=0x0000003ab2afc4b0, RSI=0x000002185abb59f8, RDI=0x0000000000000814
R8 =0x0000003ab2afc228, R9 =0x0000003ab2afc320, R10=0x0000000000000000, R11=0x0000000000000246
R12=0x0000003ab2afc568, R13=0x000002185b03f3b0, R14=0x0000003ab2afc460, R15=0x000002185abb5800
RIP=0x000000007110b5db, EFLAGS=0x0000000000010206

Top of Stack: (sp=0x0000003ab2afc330)
0x0000003ab2afc330:   000002185b2673a0 000002185b03f240
0x0000003ab2afc340:   000000007110b230 000002183db80000
0x0000003ab2afc350:   000002183da70000 0000000000000004
0x0000003ab2afc360:   000002185abb59f8 0000000000000814
0x0000003ab2afc370:   0000003ab2afc4b0 0000000071112590
0x0000003ab2afc380:   000002185abb5800 0000003ab2afc460
0x0000003ab2afc390:   000002185b03f3b0 0000003ab2afc568
0x0000003ab2afc3a0:   000002185b03f3b0 00007ffb7dcf47b1
0x0000003ab2afc3b0:   0000003ab2afc3e0 000002183db80000
0x0000003ab2afc3c0:   0000003ab2afc4b0 0000000000000000
0x0000003ab2afc3d0:   0000000071113500 0000000071113be8
0x0000003ab2afc3e0:   0000003ab2afc410 0000000071112641
0x0000003ab2afc3f0:   0000003ab2afc380 000002185abb59f8
0x0000003ab2afc400:   0000000000000000 0000000000000000
0x0000003ab2afc410:   0000003ab2afc4b0 0000000071101595
0x0000003ab2afc420:   000000000000001c 0000021800000000 

Instructions: (pc=0x000000007110b5db)
0x000000007110b5bb:   c5 0f 1f 40 00 55 57 56 53 48 83 ec 28 48 8b 05
0x000000007110b5cb:   39 33 01 00 48 89 cb 48 85 c0 0f 84 c5 00 00 00
0x000000007110b5db:   8b 38 85 ff 0f 88 ab 00 00 00 48 8b 05 1c 33 01
0x000000007110b5eb:   00 48 85 c0 0f 84 bc 00 00 00 8b 30 85 f6 74 57 


Register to memory mapping:

RAX=0x000000005fe4ebb8 is an unknown value
RBX=0x0000003ab2afc3a0 is pointing into the stack for thread: 0x000002185abb5800
RCX=0x00007ffb7dd6cf54 is an unknown value
RDX=0x0000000000000000 is an unknown value
RSP=0x0000003ab2afc330 is pointing into the stack for thread: 0x000002185abb5800
RBP=0x0000003ab2afc4b0 is pointing into the stack for thread: 0x000002185abb5800
RSI=0x000002185abb59f8 is an unknown value
RDI=0x0000000000000814 is an unknown value
R8 =0x0000003ab2afc228 is pointing into the stack for thread: 0x000002185abb5800
R9 =0x0000003ab2afc320 is pointing into the stack for thread: 0x000002185abb5800
R10=0x0000000000000000 is an unknown value
R11=0x0000000000000246 is an unknown value
R12=0x0000003ab2afc568 is pointing into the stack for thread: 0x000002185abb5800
R13=0x000002185b03f3b0 is an unknown value
R14=0x0000003ab2afc460 is pointing into the stack for thread: 0x000002185abb5800
R15=0x000002185abb5800 is a thread


Stack: [0x0000003ab2a00000,0x0000003ab2b00000],  sp=0x0000003ab2afc330,  free space=1008k
Native frames: (J=compiled Java code, j=interpreted, Vv=VM code, C=native code)
C  [jSSC-2.8_x86_64.dll+0xb5db]
C  [jSSC-2.8_x86_64.dll+0x12590]
C  [jSSC-2.8_x86_64.dll+0x1595]
C  0x000002183f499f4e

Java frames: (J=compiled Java code, j=interpreted, Vv=VM code)
j  jssc.SerialNativeInterface.openPort(Ljava/lang/String;Z)J+0
j  jssc.SerialPort.openPort()Z+65
j  GUI.Commands.forwardbutton()V+14
j  GUI.Layout.lambda$start$0(LGUI/Commands;Ljavafx/event/ActionEvent;)V+1
j  GUI.Layout$$Lambda$74.handle(Ljavafx/event/Event;)V+8
j  com.sun.javafx.event.CompositeEventHandler.dispatchBubblingEvent(Ljavafx/event/Event;)V+51
J 1011 C1 com.sun.javafx.event.EventHandlerManager.dispatchBubblingEvent(Ljavafx/event/EventType;Ljavafx/event/Event;)Ljavafx/event/Event; (34 bytes) @ 0x000002183f827974 [0x000002183f827400+0x574]
j  com.sun.javafx.event.EventHandlerManager.dispatchBubblingEvent(Ljavafx/event/Event;)Ljavafx/event/Event;+8
j  com.sun.javafx.event.CompositeEventDispatcher.dispatchBubblingEvent(Ljavafx/event/Event;)Ljavafx/event/Event;+11
J 1041 C1 com.sun.javafx.event.BasicEventDispatcher.dispatchEvent(Ljavafx/event/Event;Ljavafx/event/EventDispatchChain;)Ljavafx/event/Event; (44 bytes) @ 0x000002183f837d7c [0x000002183f837a40+0x33c]
J 976 C1 com.sun.javafx.event.EventDispatchChainImpl.dispatchEvent(Ljavafx/event/Event;)Ljavafx/event/Event; (101 bytes) @ 0x000002183f8177fc [0x000002183f817640+0x1bc]
J 1041 C1 com.sun.javafx.event.BasicEventDispatcher.dispatchEvent(Ljavafx/event/Event;Ljavafx/event/EventDispatchChain;)Ljavafx/event/Event; (44 bytes) @ 0x000002183f837c94 [0x000002183f837a40+0x254]
J 976 C1 com.sun.javafx.event.EventDispatchChainImpl.dispatchEvent(Ljavafx/event/Event;)Ljavafx/event/Event; (101 bytes) @ 0x000002183f8177fc [0x000002183f817640+0x1bc]
J 1041 C1 com.sun.javafx.event.BasicEventDispatcher.dispatchEvent(Ljavafx/event/Event;Ljavafx/event/EventDispatchChain;)Ljavafx/event/Event; (44 bytes) @ 0x000002183f837c94 [0x000002183f837a40+0x254]
J 976 C1 com.sun.javafx.event.EventDispatchChainImpl.dispatchEvent(Ljavafx/event/Event;)Ljavafx/event/Event; (101 bytes) @ 0x000002183f8177fc [0x000002183f817640+0x1bc]
j  com.sun.javafx.event.EventUtil.fireEventImpl(Ljavafx/event/EventDispatchChain;Ljavafx/event/EventTarget;Ljavafx/event/Event;)Ljavafx/event/Event;+10
j  com.sun.javafx.event.EventUtil.fireEvent(Ljavafx/event/EventTarget;Ljavafx/event/Event;)Ljavafx/event/Event;+37
j  javafx.event.Event.fireEvent(Ljavafx/event/EventTarget;Ljavafx/event/Event;)V+30
j  javafx.scene.Node.fireEvent(Ljavafx/event/Event;)V+86
j  javafx.scene.control.Button.fire()V+15
j  com.sun.javafx.scene.control.behavior.ButtonBehavior.mouseReleased(Ljavafx/scene/input/MouseEvent;)V+23
j  com.sun.javafx.scene.control.skin.BehaviorSkinBase$1.handle(Ljavafx/scene/input/MouseEvent;)V+83
j  com.sun.javafx.scene.control.skin.BehaviorSkinBase$1.handle(Ljavafx/event/Event;)V+5
j  com.sun.javafx.event.CompositeEventHandler$NormalEventHandlerRecord.handleBubblingEvent(Ljavafx/event/Event;)V+5
j  com.sun.javafx.event.CompositeEventHandler.dispatchBubblingEvent(Ljavafx/event/Event;)V+28
J 1011 C1 com.sun.javafx.event.EventHandlerManager.dispatchBubblingEvent(Ljavafx/event/EventType;Ljavafx/event/Event;)Ljavafx/event/Event; (34 bytes) @ 0x000002183f827974 [0x000002183f827400+0x574]
j  com.sun.javafx.event.EventHandlerManager.dispatchBubblingEvent(Ljavafx/event/Event;)Ljavafx/event/Event;+8
j  com.sun.javafx.event.CompositeEventDispatcher.dispatchBubblingEvent(Ljavafx/event/Event;)Ljavafx/event/Event;+11
J 1041 C1 com.sun.javafx.event.BasicEventDispatcher.dispatchEvent(Ljavafx/event/Event;Ljavafx/event/EventDispatchChain;)Ljavafx/event/Event; (44 bytes) @ 0x000002183f837d7c [0x000002183f837a40+0x33c]
J 976 C1 com.sun.javafx.event.EventDispatchChainImpl.dispatchEvent(Ljavafx/event/Event;)Ljavafx/event/Event; (101 bytes) @ 0x000002183f8177fc [0x000002183f817640+0x1bc]
J 1041 C1 com.sun.javafx.event.BasicEventDispatcher.dispatchEvent(Ljavafx/event/Event;Ljavafx/event/EventDispatchChain;)Ljavafx/event/Event; (44 bytes) @ 0x000002183f837c94 [0x000002183f837a40+0x254]
J 976 C1 com.sun.javafx.event.EventDispatchChainImpl.dispatchEvent(Ljavafx/event/Event;)Ljavafx/event/Event; (101 bytes) @ 0x000002183f8177fc [0x000002183f817640+0x1bc]
J 1041 C1 com.sun.javafx.event.BasicEventDispatcher.dispatchEvent(Ljavafx/event/Event;Ljavafx/event/EventDispatchChain;)Ljavafx/event/Event; (44 bytes) @ 0x000002183f837c94 [0x000002183f837a40+0x254]
J 976 C1 com.sun.javafx.event.EventDispatchChainImpl.dispatchEvent(Ljavafx/event/Event;)Ljavafx/event/Event; (101 bytes) @ 0x000002183f8177fc [0x000002183f817640+0x1bc]
j  com.sun.javafx.event.EventUtil.fireEventImpl(Ljavafx/event/EventDispatchChain;Ljavafx/event/EventTarget;Ljavafx/event/Event;)Ljavafx/event/Event;+10
j  com.sun.javafx.event.EventUtil.fireEvent(Ljavafx/event/EventTarget;Ljavafx/event/Event;)Ljavafx/event/Event;+46
j  javafx.event.Event.fireEvent(Ljavafx/event/EventTarget;Ljavafx/event/Event;)V+30
j  javafx.scene.Scene$MouseHandler.process(Ljavafx/scene/input/MouseEvent;Z)V+491
j  javafx.scene.Scene$MouseHandler.access$1500(Ljavafx/scene/Scene$MouseHandler;Ljavafx/scene/input/MouseEvent;Z)V+3
j  javafx.scene.Scene.impl_processMouseEvent(Ljavafx/scene/input/MouseEvent;)V+6
j  javafx.scene.Scene$ScenePeerListener.mouseEvent(Ljavafx/event/EventType;DDDDLjavafx/scene/input/MouseButton;ZZZZZZZZZ)V+46
j  com.sun.javafx.tk.quantum.GlassViewEventHandler$MouseEventNotification.run()Ljava/lang/Void;+571
j  com.sun.javafx.tk.quantum.GlassViewEventHandler$MouseEventNotification.run()Ljava/lang/Object;+1
v  ~StubRoutines::call_stub
j  java.security.AccessController.doPrivileged(Ljava/security/PrivilegedAction;Ljava/security/AccessControlContext;)Ljava/lang/Object;+0
j  com.sun.javafx.tk.quantum.GlassViewEventHandler.lambda$handleMouseEvent$2()Ljava/lang/Void;+11
j  com.sun.javafx.tk.quantum.GlassViewEventHandler$$Lambda$115.get()Ljava/lang/Object;+4
j  com.sun.javafx.tk.quantum.QuantumToolkit.runWithoutRenderLock(Ljava/util/function/Supplier;)Ljava/lang/Object;+18
j  com.sun.javafx.tk.quantum.GlassViewEventHandler.handleMouseEvent(Lcom/sun/glass/ui/View;JIIIIIIIZZ)V+103
j  com.sun.glass.ui.View.handleMouseEvent(JIIIIIIIZZ)V+30
j  com.sun.glass.ui.View.notifyMouse(IIIIIIIZZ)V+181
v  ~StubRoutines::call_stub
j  com.sun.glass.ui.win.WinApplication._runLoop(Ljava/lang/Runnable;)V+0
j  com.sun.glass.ui.win.WinApplication.lambda$null$4(ILjava/lang/Runnable;)V+8
j  com.sun.glass.ui.win.WinApplication$$Lambda$38.run()V+12
j  java.lang.Thread.run()V+11
v  ~StubRoutines::call_stub

---------------  P R O C E S S  ---------------

Java Threads: ( => current thread )
  0x000002185b01f800 JavaThread "Prism Font Disposer" daemon [_thread_blocked, id=45924, stack(0x0000003ab3300000,0x0000003ab3400000)]
  0x000002185ae76000 JavaThread "Thread-3" daemon [_thread_in_native, id=45452, stack(0x0000003ab2e00000,0x0000003ab2f00000)]
  0x000002185ae1f800 JavaThread "JavaFX-Launcher" [_thread_blocked, id=50980, stack(0x0000003ab2f00000,0x0000003ab3000000)]
=>0x000002185abb5800 JavaThread "JavaFX Application Thread" [_thread_in_native, id=37692, stack(0x0000003ab2a00000,0x0000003ab2b00000)]
  0x000002185ab9a800 JavaThread "Thread-1" daemon [_thread_blocked, id=39420, stack(0x0000003ab2900000,0x0000003ab2a00000)]
  0x000002185ab4f000 JavaThread "QuantumRenderer-0" daemon [_thread_blocked, id=40908, stack(0x0000003ab2700000,0x0000003ab2800000)]
  0x000002185a568000 JavaThread "Service Thread" daemon [_thread_blocked, id=38344, stack(0x0000003ab2500000,0x0000003ab2600000)]
  0x0000021859138000 JavaThread "C1 CompilerThread3" daemon [_thread_blocked, id=44936, stack(0x0000003ab2400000,0x0000003ab2500000)]
  0x0000021859134000 JavaThread "C2 CompilerThread2" daemon [_thread_blocked, id=53460, stack(0x0000003ab2300000,0x0000003ab2400000)]
  0x0000021859131000 JavaThread "C2 CompilerThread1" daemon [_thread_blocked, id=25260, stack(0x0000003ab2200000,0x0000003ab2300000)]
  0x0000021859128000 JavaThread "C2 CompilerThread0" daemon [_thread_blocked, id=52980, stack(0x0000003ab2100000,0x0000003ab2200000)]
  0x0000021859115800 JavaThread "Monitor Ctrl-Break" daemon [_thread_in_native, id=42812, stack(0x0000003ab2000000,0x0000003ab2100000)]
  0x00000218590ca800 JavaThread "Attach Listener" daemon [_thread_blocked, id=52936, stack(0x0000003ab1f00000,0x0000003ab2000000)]
  0x00000218590c9800 JavaThread "Signal Dispatcher" daemon [_thread_blocked, id=22588, stack(0x0000003ab1e00000,0x0000003ab1f00000)]
  0x000002185909b000 JavaThread "Finalizer" daemon [_thread_blocked, id=40428, stack(0x0000003ab1d00000,0x0000003ab1e00000)]
  0x000002185909a000 JavaThread "Reference Handler" daemon [_thread_blocked, id=29424, stack(0x0000003ab1c00000,0x0000003ab1d00000)]
  0x000002183dbb7000 JavaThread "main" [_thread_blocked, id=41976, stack(0x0000003ab1200000,0x0000003ab1300000)]

Other Threads:
  0x0000021859073800 VMThread [stack: 0x0000003ab1b00000,0x0000003ab1c00000] [id=48788]
  0x000002185a56b800 WatcherThread [stack: 0x0000003ab2600000,0x0000003ab2700000] [id=29436]

VM state:not at safepoint (normal execution)

VM Mutex/Monitor currently owned by a thread: None

heap address: 0x00000006c3a00000, size: 4038 MB, Compressed Oops mode: Zero based, Oop shift amount: 3
Narrow klass base: 0x0000000000000000, Narrow klass shift: 3
Compressed class space size: 1073741824 Address: 0x00000007c0000000

Heap:
 PSYoungGen      total 75776K, used 41262K [0x000000076be00000, 0x0000000771280000, 0x00000007c0000000)
  eden space 65024K, 63% used [0x000000076be00000,0x000000076e64ba20,0x000000076fd80000)
  from space 10752K, 0% used [0x0000000770800000,0x0000000770800000,0x0000000771280000)
  to   space 10752K, 0% used [0x000000076fd80000,0x000000076fd80000,0x0000000770800000)
 ParOldGen       total 173568K, used 0K [0x00000006c3a00000, 0x00000006ce380000, 0x000000076be00000)
  object space 173568K, 0% used [0x00000006c3a00000,0x00000006c3a00000,0x00000006ce380000)
 Metaspace       used 13119K, capacity 13688K, committed 13824K, reserved 1060864K
  class space    used 1769K, capacity 1958K, committed 2048K, reserved 1048576K

Card table byte_map: [0x000002184e840000,0x000002184f030000] byte_map_base: 0x000002184b223000

Marking Bits: (ParMarkBitMap*) 0x000000006f484fb0
 Begin Bits: [0x000002184f580000, 0x0000021853498000)
 End Bits:   [0x0000021853498000, 0x00000218573b0000)

Polling page: 0x000002183db40000

CodeCache: size=245760Kb used=3911Kb max_used=3922Kb free=241848Kb
 bounds [0x000002183f480000, 0x000002183f860000, 0x000002184e480000]
 total_blobs=1718 nmethods=1094 adapters=536
 compilation: enabled

Compilation events (10 events):
Event: 10.818 Thread 0x0000021859138000 1091       3       java.util.concurrent.locks.AbstractQueuedSynchronizer::setState (6 bytes)
Event: 10.819 Thread 0x0000021859138000 nmethod 1091 0x000002183f84d5d0 code [0x000002183f84d720, 0x000002183f84d878]
Event: 10.821 Thread 0x0000021859138000 1092       1       java.net.URL::getUserInfo (5 bytes)
Event: 10.821 Thread 0x0000021859138000 nmethod 1092 0x000002183f84d310 code [0x000002183f84d460, 0x000002183f84d578]
Event: 10.822 Thread 0x0000021859138000 1093       1       java.util.HashMap$Node::getKey (5 bytes)
Event: 10.822 Thread 0x0000021859138000 nmethod 1093 0x000002183f84ce10 code [0x000002183f84cf60, 0x000002183f84d078]
Event: 10.823 Thread 0x0000021859128000 1094       4       java.lang.String::equals (81 bytes)
Event: 10.825 Thread 0x0000021859128000 nmethod 1094 0x000002183f84c950 code [0x000002183f84caa0, 0x000002183f84ccf8]
Event: 11.618 Thread 0x0000021859138000 1095       3       java.util.concurrent.atomic.AtomicBoolean::compareAndSet (35 bytes)
Event: 11.619 Thread 0x0000021859138000 nmethod 1095 0x000002183f84c550 code [0x000002183f84c6a0, 0x000002183f84c8d8]

GC Heap History (0 events):
No events

Deoptimization events (10 events):
Event: 0.552 Thread 0x000002185abb5800 Uncommon trap: reason=class_check action=maybe_recompile pc=0x000002183f6f5568 method=java.io.DataInputStream.readShort()S @ 4
Event: 0.552 Thread 0x000002185abb5800 Uncommon trap: reason=class_check action=maybe_recompile pc=0x000002183f6f5568 method=java.io.DataInputStream.readShort()S @ 4
Event: 0.553 Thread 0x000002185abb5800 Uncommon trap: reason=class_check action=maybe_recompile pc=0x000002183f6f5568 method=java.io.DataInputStream.readShort()S @ 4
Event: 0.553 Thread 0x000002185abb5800 Uncommon trap: reason=class_check action=maybe_recompile pc=0x000002183f6f5568 method=java.io.DataInputStream.readShort()S @ 4
Event: 0.556 Thread 0x000002185abb5800 Uncommon trap: reason=class_check action=maybe_recompile pc=0x000002183f619a80 method=java.lang.String.equals(Ljava/lang/Object;)Z @ 8
Event: 0.556 Thread 0x000002185abb5800 Uncommon trap: reason=class_check action=maybe_recompile pc=0x000002183f619a80 method=java.lang.String.equals(Ljava/lang/Object;)Z @ 8
Event: 0.556 Thread 0x000002185abb5800 Uncommon trap: reason=class_check action=maybe_recompile pc=0x000002183f619a80 method=java.lang.String.equals(Ljava/lang/Object;)Z @ 8
Event: 0.557 Thread 0x000002185abb5800 Uncommon trap: reason=class_check action=maybe_recompile pc=0x000002183f619a80 method=java.lang.String.equals(Ljava/lang/Object;)Z @ 8
Event: 0.595 Thread 0x000002185abb5800 Uncommon trap: reason=unstable_if action=reinterpret pc=0x000002183f7462e4 method=sun.net.www.ParseUtil.encodePath(Ljava/lang/String;Z)Ljava/lang/String; @ 109
Event: 10.611 Thread 0x000002185abb5800 Uncommon trap: reason=unstable_if action=reinterpret pc=0x000002183f759dd8 method=jdk.internal.org.objectweb.asm.Type.getArgumentsAndReturnSizes(Ljava/lang/String;)I @ 47

Classes redefined (0 events):
No events

Internal exceptions (10 events):
Event: 0.232 Thread 0x000002183dbb7000 Exception <a 'java/lang/NoSuchFieldError': method resolution failed> (0x000000076c324f40) thrown at [C:\jenkins\workspace\8-2-build-windows-amd64-cygwin\jdk8u261\295\hotspot\src\share\vm\prims\methodHandles.cpp, line 1169]
Event: 0.247 Thread 0x000002183dbb7000 Exception <a 'java/security/PrivilegedActionException'> (0x000000076c3d1c28) thrown at [C:\jenkins\workspace\8-2-build-windows-amd64-cygwin\jdk8u261\295\hotspot\src\share\vm\prims\jvm.cpp, line 1512]
Event: 0.247 Thread 0x000002183dbb7000 Exception <a 'java/security/PrivilegedActionException'> (0x000000076c3d1e38) thrown at [C:\jenkins\workspace\8-2-build-windows-amd64-cygwin\jdk8u261\295\hotspot\src\share\vm\prims\jvm.cpp, line 1512]
Event: 0.248 Thread 0x000002183dbb7000 Exception <a 'java/security/PrivilegedActionException'> (0x000000076c3d5d48) thrown at [C:\jenkins\workspace\8-2-build-windows-amd64-cygwin\jdk8u261\295\hotspot\src\share\vm\prims\jvm.cpp, line 1512]
Event: 0.248 Thread 0x000002183dbb7000 Exception <a 'java/security/PrivilegedActionException'> (0x000000076c3d5f58) thrown at [C:\jenkins\workspace\8-2-build-windows-amd64-cygwin\jdk8u261\295\hotspot\src\share\vm\prims\jvm.cpp, line 1512]
Event: 0.248 Thread 0x000002183dbb7000 Exception <a 'java/lang/NullPointerException'> (0x000000076c3d6960) thrown at [C:\jenkins\workspace\8-2-build-windows-amd64-cygwin\jdk8u261\295\hotspot\src\share\vm\interpreter\linkResolver.cpp, line 1185]
Event: 0.260 Thread 0x000002183dbb7000 Implicit null exception at 0x000002183f5a4815 to 0x000002183f5a49e5
Event: 0.418 Thread 0x000002185abb5800 Exception <a 'java/lang/NullPointerException'> (0x000000076d1497e8) thrown at [C:\jenkins\workspace\8-2-build-windows-amd64-cygwin\jdk8u261\295\hotspot\src\share\vm\interpreter\linkResolver.cpp, line 1185]
Event: 0.418 Thread 0x000002185abb5800 Exception <a 'java/lang/NullPointerException'> (0x000000076d1497e8) thrown at [C:\jenkins\workspace\8-2-build-windows-amd64-cygwin\jdk8u261\295\hotspot\src\share\vm\prims\jvm.cpp, line 1516]
Event: 0.484 Thread 0x000002185abb5800 Implicit null exception at 0x000002183f70e875 to 0x000002183f70ea6d

Events (10 events):
Event: 10.821 loading class jssc/SerialPort$EventThread
Event: 10.821 loading class jssc/SerialPort$EventThread done
Event: 10.821 loading class jssc/SerialPort$LinuxEventThread
Event: 10.821 loading class jssc/SerialPort$LinuxEventThread done
Event: 10.821 loading class jssc/SerialPortTimeoutException
Event: 10.821 loading class jssc/SerialPortTimeoutException done
Event: 10.821 loading class jssc/SerialNativeInterface
Event: 10.821 loading class jssc/SerialNativeInterface done
Event: 10.822 loading class java/util/LinkedHashMap$LinkedKeyIterator
Event: 10.822 loading class java/util/LinkedHashMap$LinkedKeyIterator done


Dynamic libraries:
0x00007ff668fd0000 - 0x00007ff669017000 	C:\Program Files\Java\jdk1.8.0_261\bin\java.exe
0x00007ffb7dcd0000 - 0x00007ffb7dec5000 	C:\windows\SYSTEM32\ntdll.dll
0x00007ffb7c450000 - 0x00007ffb7c50e000 	C:\windows\System32\KERNEL32.DLL
0x00007ffb7b600000 - 0x00007ffb7b8c8000 	C:\windows\System32\KERNELBASE.dll
0x00007ffb7dbe0000 - 0x00007ffb7dc8c000 	C:\windows\System32\ADVAPI32.dll
0x00007ffb7cb00000 - 0x00007ffb7cb9e000 	C:\windows\System32\msvcrt.dll
0x00007ffb7c6f0000 - 0x00007ffb7c78b000 	C:\windows\System32\sechost.dll
0x00007ffb7dab0000 - 0x00007ffb7dbda000 	C:\windows\System32\RPCRT4.dll
0x00007ffb7c820000 - 0x00007ffb7c9c1000 	C:\windows\System32\USER32.dll
0x00007ffb7b3f0000 - 0x00007ffb7b412000 	C:\windows\System32\win32u.dll
0x00007ffb7d1e0000 - 0x00007ffb7d20b000 	C:\windows\System32\GDI32.dll
0x00007ffb7bab0000 - 0x00007ffb7bbbb000 	C:\windows\System32\gdi32full.dll
0x00007ffb7b4d0000 - 0x00007ffb7b56d000 	C:\windows\System32\msvcp_win.dll
0x00007ffb7b8d0000 - 0x00007ffb7b9d0000 	C:\windows\System32\ucrtbase.dll
0x00007ffb6d120000 - 0x00007ffb6d3ba000 	C:\windows\WinSxS\amd64_microsoft.windows.common-controls_6595b64144ccf1df_6.0.19041.1110_none_60b5254171f9507e\COMCTL32.dll
0x00007ffb7c790000 - 0x00007ffb7c7c0000 	C:\windows\System32\IMM32.DLL
0x00007ffb5aea0000 - 0x00007ffb5aeb5000 	C:\Program Files\Java\jdk1.8.0_261\jre\bin\vcruntime140.dll
0x00007ffb35660000 - 0x00007ffb356fb000 	C:\Program Files\Java\jdk1.8.0_261\jre\bin\msvcp140.dll
0x000000006ec90000 - 0x000000006f4fc000 	C:\Program Files\Java\jdk1.8.0_261\jre\bin\server\jvm.dll
0x00007ffb7c440000 - 0x00007ffb7c448000 	C:\windows\System32\PSAPI.DLL
0x00007ffb72fd0000 - 0x00007ffb72fd9000 	C:\windows\SYSTEM32\WSOCK32.dll
0x00007ffb7c680000 - 0x00007ffb7c6eb000 	C:\windows\System32\WS2_32.dll
0x00007ffb56960000 - 0x00007ffb56987000 	C:\windows\SYSTEM32\WINMM.dll
0x00007ffb73040000 - 0x00007ffb7304a000 	C:\windows\SYSTEM32\VERSION.dll
0x00007ffb79c70000 - 0x00007ffb79c82000 	C:\windows\SYSTEM32\kernel.appcore.dll
0x00007ffb76f30000 - 0x00007ffb76f40000 	C:\Program Files\Java\jdk1.8.0_261\jre\bin\verify.dll
0x00007ffb404b0000 - 0x00007ffb404db000 	C:\Program Files\Java\jdk1.8.0_261\jre\bin\java.dll
0x00007ffb56c10000 - 0x00007ffb56c42000 	C:\Program Files\Java\jdk1.8.0_261\jre\bin\instrument.dll
0x00007ffb5ae20000 - 0x00007ffb5ae38000 	C:\Program Files\Java\jdk1.8.0_261\jre\bin\zip.dll
0x00007ffb7d270000 - 0x00007ffb7d9af000 	C:\windows\System32\SHELL32.dll
0x00007ffb794d0000 - 0x00007ffb79c60000 	C:\windows\SYSTEM32\windows.storage.dll
0x00007ffb7cc50000 - 0x00007ffb7cfa5000 	C:\windows\System32\combase.dll
0x00007ffb7ae40000 - 0x00007ffb7ae6e000 	C:\windows\SYSTEM32\Wldp.dll
0x00007ffb7d0d0000 - 0x00007ffb7d17d000 	C:\windows\System32\SHCORE.dll
0x00007ffb7d180000 - 0x00007ffb7d1d5000 	C:\windows\System32\shlwapi.dll
0x00007ffb7b330000 - 0x00007ffb7b34f000 	C:\windows\SYSTEM32\profapi.dll
0x00007ffb57910000 - 0x00007ffb5792a000 	C:\Program Files\JetBrains\IntelliJ IDEA Community Edition 2018.3.6\bin\breakgen64.dll
0x00007ffb5ad80000 - 0x00007ffb5ad9c000 	C:\Program Files\Java\jdk1.8.0_261\jre\bin\net.dll
0x00007ffb7aba0000 - 0x00007ffb7ac0a000 	C:\windows\system32\mswsock.dll
0x000002185a8a0000 - 0x000002185a8a3000 	C:\Program Files\Java\jdk1.8.0_261\jre\bin\api-ms-win-core-console-l1-1-0.dll
0x000002185a8b0000 - 0x000002185a8b3000 	C:\Program Files\Java\jdk1.8.0_261\jre\bin\api-ms-win-core-datetime-l1-1-0.dll
0x000002185a8c0000 - 0x000002185a8c3000 	C:\Program Files\Java\jdk1.8.0_261\jre\bin\api-ms-win-core-debug-l1-1-0.dll
0x000002185a8d0000 - 0x000002185a8d3000 	C:\Program Files\Java\jdk1.8.0_261\jre\bin\api-ms-win-core-errorhandling-l1-1-0.dll
0x000002185a8e0000 - 0x000002185a8e4000 	C:\Program Files\Java\jdk1.8.0_261\jre\bin\api-ms-win-core-file-l1-1-0.dll
0x000002185a8f0000 - 0x000002185a8f3000 	C:\Program Files\Java\jdk1.8.0_261\jre\bin\api-ms-win-core-file-l1-2-0.dll
0x000002185a900000 - 0x000002185a903000 	C:\Program Files\Java\jdk1.8.0_261\jre\bin\api-ms-win-core-file-l2-1-0.dll
0x000002185a910000 - 0x000002185a913000 	C:\Program Files\Java\jdk1.8.0_261\jre\bin\api-ms-win-core-handle-l1-1-0.dll
0x000002185a920000 - 0x000002185a923000 	C:\Program Files\Java\jdk1.8.0_261\jre\bin\api-ms-win-core-heap-l1-1-0.dll
0x000002185a930000 - 0x000002185a933000 	C:\Program Files\Java\jdk1.8.0_261\jre\bin\api-ms-win-core-interlocked-l1-1-0.dll
0x000002185a940000 - 0x000002185a943000 	C:\Program Files\Java\jdk1.8.0_261\jre\bin\api-ms-win-core-libraryloader-l1-1-0.dll
0x000002185a950000 - 0x000002185a953000 	C:\Program Files\Java\jdk1.8.0_261\jre\bin\api-ms-win-core-localization-l1-2-0.dll
0x000002185a960000 - 0x000002185a963000 	C:\Program Files\Java\jdk1.8.0_261\jre\bin\api-ms-win-core-memory-l1-1-0.dll
0x000002185a970000 - 0x000002185a973000 	C:\Program Files\Java\jdk1.8.0_261\jre\bin\api-ms-win-core-namedpipe-l1-1-0.dll
0x000002185a980000 - 0x000002185a983000 	C:\Program Files\Java\jdk1.8.0_261\jre\bin\api-ms-win-core-processenvironment-l1-1-0.dll
0x000002185a990000 - 0x000002185a993000 	C:\Program Files\Java\jdk1.8.0_261\jre\bin\api-ms-win-core-processthreads-l1-1-0.dll
0x000002185a9a0000 - 0x000002185a9a3000 	C:\Program Files\Java\jdk1.8.0_261\jre\bin\api-ms-win-core-processthreads-l1-1-1.dll
0x000002185a9b0000 - 0x000002185a9b3000 	C:\Program Files\Java\jdk1.8.0_261\jre\bin\api-ms-win-core-profile-l1-1-0.dll
0x000002185a9c0000 - 0x000002185a9c3000 	C:\Program Files\Java\jdk1.8.0_261\jre\bin\api-ms-win-core-rtlsupport-l1-1-0.dll
0x000002185a9d0000 - 0x000002185a9d3000 	C:\Program Files\Java\jdk1.8.0_261\jre\bin\api-ms-win-core-string-l1-1-0.dll
0x000002185a9e0000 - 0x000002185a9e3000 	C:\Program Files\Java\jdk1.8.0_261\jre\bin\api-ms-win-core-synch-l1-1-0.dll
0x000002185a9f0000 - 0x000002185a9f3000 	C:\Program Files\Java\jdk1.8.0_261\jre\bin\api-ms-win-core-synch-l1-2-0.dll
0x000002185aa00000 - 0x000002185aa03000 	C:\Program Files\Java\jdk1.8.0_261\jre\bin\api-ms-win-core-sysinfo-l1-1-0.dll
0x000002185aa10000 - 0x000002185aa13000 	C:\Program Files\Java\jdk1.8.0_261\jre\bin\api-ms-win-core-timezone-l1-1-0.dll
0x000002185aa20000 - 0x000002185aa23000 	C:\Program Files\Java\jdk1.8.0_261\jre\bin\api-ms-win-core-util-l1-1-0.dll
0x000002185aa30000 - 0x000002185aa33000 	C:\Program Files\Java\jdk1.8.0_261\jre\bin\api-ms-win-crt-conio-l1-1-0.dll
0x000002185aa40000 - 0x000002185aa44000 	C:\Program Files\Java\jdk1.8.0_261\jre\bin\api-ms-win-crt-convert-l1-1-0.dll
0x000002185aa50000 - 0x000002185aa53000 	C:\Program Files\Java\jdk1.8.0_261\jre\bin\api-ms-win-crt-environment-l1-1-0.dll
0x000002185aa60000 - 0x000002185aa63000 	C:\Program Files\Java\jdk1.8.0_261\jre\bin\api-ms-win-crt-filesystem-l1-1-0.dll
0x000002185aa70000 - 0x000002185aa73000 	C:\Program Files\Java\jdk1.8.0_261\jre\bin\api-ms-win-crt-heap-l1-1-0.dll
0x000002185aa80000 - 0x000002185aa83000 	C:\Program Files\Java\jdk1.8.0_261\jre\bin\api-ms-win-crt-locale-l1-1-0.dll
0x000002185aa90000 - 0x000002185aa95000 	C:\Program Files\Java\jdk1.8.0_261\jre\bin\api-ms-win-crt-math-l1-1-0.dll
0x000002185aaa0000 - 0x000002185aaa5000 	C:\Program Files\Java\jdk1.8.0_261\jre\bin\api-ms-win-crt-multibyte-l1-1-0.dll
0x000002185aab0000 - 0x000002185aac0000 	C:\Program Files\Java\jdk1.8.0_261\jre\bin\api-ms-win-crt-private-l1-1-0.dll
0x000002185aac0000 - 0x000002185aac3000 	C:\Program Files\Java\jdk1.8.0_261\jre\bin\api-ms-win-crt-process-l1-1-0.dll
0x000002185aad0000 - 0x000002185aad4000 	C:\Program Files\Java\jdk1.8.0_261\jre\bin\api-ms-win-crt-runtime-l1-1-0.dll
0x000002185aae0000 - 0x000002185aae4000 	C:\Program Files\Java\jdk1.8.0_261\jre\bin\api-ms-win-crt-stdio-l1-1-0.dll
0x000002185aaf0000 - 0x000002185aaf4000 	C:\Program Files\Java\jdk1.8.0_261\jre\bin\api-ms-win-crt-string-l1-1-0.dll
0x000002185ab00000 - 0x000002185ab03000 	C:\Program Files\Java\jdk1.8.0_261\jre\bin\api-ms-win-crt-time-l1-1-0.dll
0x000002185ab10000 - 0x000002185ab13000 	C:\Program Files\Java\jdk1.8.0_261\jre\bin\api-ms-win-crt-utility-l1-1-0.dll
0x00007ffb25ef0000 - 0x00007ffb25fec000 	C:\Program Files\Java\jdk1.8.0_261\jre\bin\ucrtbase.dll
0x00007ffb35a40000 - 0x00007ffb35a91000 	C:\Program Files\Java\jdk1.8.0_261\jre\bin\concrt140.dll
0x00007ffb576d0000 - 0x00007ffb576f3000 	C:\Program Files\Java\jdk1.8.0_261\jre\bin\prism_d3d.dll
0x00007ffb1d240000 - 0x00007ffb1d40e000 	C:\windows\system32\d3d9.dll
0x00007ffb78b40000 - 0x00007ffb78b6f000 	C:\windows\SYSTEM32\dwmapi.dll
0x00007ffb789b0000 - 0x00007ffb78a4e000 	C:\windows\system32\uxtheme.dll
0x00007ffb2f750000 - 0x00007ffb2f8b5000 	C:\windows\System32\DriverStore\FileRepository\iigd_dch.inf_amd64_14d6d9e2312c79ae\igdumdim64.dll
0x00007ffb7c9d0000 - 0x00007ffb7cafa000 	C:\windows\System32\ole32.dll
0x00007ffb14010000 - 0x00007ffb17c35000 	C:\windows\System32\DriverStore\FileRepository\iigd_dch.inf_amd64_14d6d9e2312c79ae\igd9dxva64.dll
0x00007ffb7d9c0000 - 0x00007ffb7da8d000 	C:\windows\System32\OLEAUT32.dll
0x00007ffb7bfc0000 - 0x00007ffb7c432000 	C:\windows\System32\SETUPAPI.dll
0x00007ffb7b9d0000 - 0x00007ffb7ba1e000 	C:\windows\System32\cfgmgr32.dll
0x00007ffb7ba80000 - 0x00007ffb7baa7000 	C:\windows\System32\bcrypt.dll
0x00007ffb69c30000 - 0x00007ffb69fed000 	C:\windows\System32\DriverStore\FileRepository\iigd_dch.inf_amd64_14d6d9e2312c79ae\igdgmm64.dll
0x00007ffb3a740000 - 0x00007ffb3a785000 	C:\Program Files\Java\jdk1.8.0_261\jre\bin\glass.dll
0x00007ffb7c510000 - 0x00007ffb7c5ea000 	C:\windows\System32\COMDLG32.dll
0x00007ffb7cfb0000 - 0x00007ffb7d0c5000 	C:\windows\System32\MSCTF.dll
0x00007ffb7b570000 - 0x00007ffb7b5f3000 	C:\windows\System32\bcryptPrimitives.dll
0x00007ffb20210000 - 0x00007ffb20237000 	C:\windows\System32\DriverStore\FileRepository\iigd_dch.inf_amd64_14d6d9e2312c79ae\igdinfo64.dll
0x00007ffb669f0000 - 0x00007ffb69c28000 	C:\windows\System32\DriverStore\FileRepository\iigd_dch.inf_amd64_14d6d9e2312c79ae\igc64.dll
0x00007ffb6d020000 - 0x00007ffb6d05b000 	C:\windows\SYSTEM32\dxcore.dll
0x00007ffb56de0000 - 0x00007ffb56df4000 	C:\Program Files\Java\jdk1.8.0_261\jre\bin\javafx_font.dll
0x00007ffb41aa0000 - 0x00007ffb41d23000 	C:\windows\SYSTEM32\dwrite.dll
0x00007ffb7cba0000 - 0x00007ffb7cc49000 	C:\windows\System32\clbcatq.dll
0x00007ffb71ee0000 - 0x00007ffb72094000 	C:\windows\SYSTEM32\WindowsCodecs.dll
0x00007ffb40470000 - 0x00007ffb404ae000 	C:\windows\system32\dataexchange.dll
0x00007ffb77d40000 - 0x00007ffb77f25000 	C:\windows\system32\dcomp.dll
0x00007ffb77510000 - 0x00007ffb77774000 	C:\windows\system32\d3d11.dll
0x00007ffb79ce0000 - 0x00007ffb79dd4000 	C:\windows\system32\dxgi.dll
0x00007ffb73460000 - 0x00007ffb73661000 	C:\windows\system32\twinapi.appcore.dll
0x00007ffb36320000 - 0x00007ffb36354000 	C:\Program Files\Common Files\Microsoft Shared\Ink\rtscom.dll
0x00007ffb58150000 - 0x00007ffb58249000 	C:\windows\SYSTEM32\textinputframework.dll
0x00007ffb77f30000 - 0x00007ffb7828e000 	C:\windows\System32\CoreUIComponents.dll
0x00007ffb78610000 - 0x00007ffb78702000 	C:\windows\System32\CoreMessaging.dll
0x00007ffb7a0e0000 - 0x00007ffb7a113000 	C:\windows\SYSTEM32\ntmarta.dll
0x00007ffb76f50000 - 0x00007ffb770a4000 	C:\windows\SYSTEM32\wintypes.dll
0x00007ffb56cf0000 - 0x00007ffb56d02000 	C:\Program Files\Java\jdk1.8.0_261\jre\bin\prism_common.dll
0x0000000071100000 - 0x0000000071125000 	C:\Users\karsv\.jssc\windows\jSSC-2.8_x86_64.dll
0x00007ffb79020000 - 0x00007ffb79204000 	C:\windows\SYSTEM32\dbghelp.dll

VM Arguments:
jvm_args: -javaagent:C:\Program Files\JetBrains\IntelliJ IDEA Community Edition 2018.3.6\lib\idea_rt.jar=60524:C:\Program Files\JetBrains\IntelliJ IDEA Community Edition 2018.3.6\bin -Dfile.encoding=UTF-8 
java_command: GUI.Layout
java_class_path (initial): C:\Program Files\Java\jdk1.8.0_261\jre\lib\charsets.jar;C:\Program Files\Java\jdk1.8.0_261\jre\lib\deploy.jar;C:\Program Files\Java\jdk1.8.0_261\jre\lib\ext\access-bridge-64.jar;C:\Program Files\Java\jdk1.8.0_261\jre\lib\ext\cldrdata.jar;C:\Program Files\Java\jdk1.8.0_261\jre\lib\ext\dnsns.jar;C:\Program Files\Java\jdk1.8.0_261\jre\lib\ext\jaccess.jar;C:\Program Files\Java\jdk1.8.0_261\jre\lib\ext\jfxrt.jar;C:\Program Files\Java\jdk1.8.0_261\jre\lib\ext\localedata.jar;C:\Program Files\Java\jdk1.8.0_261\jre\lib\ext\nashorn.jar;C:\Program Files\Java\jdk1.8.0_261\jre\lib\ext\sunec.jar;C:\Program Files\Java\jdk1.8.0_261\jre\lib\ext\sunjce_provider.jar;C:\Program Files\Java\jdk1.8.0_261\jre\lib\ext\sunmscapi.jar;C:\Program Files\Java\jdk1.8.0_261\jre\lib\ext\sunpkcs11.jar;C:\Program Files\Java\jdk1.8.0_261\jre\lib\ext\zipfs.jar;C:\Program Files\Java\jdk1.8.0_261\jre\lib\javaws.jar;C:\Program Files\Java\jdk1.8.0_261\jre\lib\jce.jar;C:\Program Files\Java\jdk1.8.0_261\jre\lib\jfr.jar;C:\Program Files\Java\jdk1.8.0_261\jre\lib\jfxswt.jar;C:\Program Files\Java\jdk1.8.0_261\jre\lib\jsse.jar;C:\Program Files\Java\jdk1.8.0_261\jre\lib\management-agent.jar;C:\Program Files\Java\jdk1.8.0_261\jre\lib\plugin.jar;C:\Program Files\Java\jdk1.8.0_261\jre\lib\resources.jar;C:\Program Files\Java\jdk1.8.0_261\jre\lib\rt.jar;C:\Users\karsv\OneDrive\Documenten\GitHub\BoeBot\out\production\BoeBot;C:\Users\karsv\OneDrive\Documenten\GitHub\BoeBot\lib\BoeBotLib.jar;C:\Users\karsv\Downloads\jssc-2.8.0.jar;C:\Program Files\JetBrains\IntelliJ IDEA Community Edition 2018.3.6\lib\idea_rt.jar
Launcher Type: SUN_STANDARD

Environment Variables:
JAVA_HOME=C:\Program Files\Java\jdk1.8.0_261
PATH=C:\Program Files (x86)\Common Files\Oracle\Java\javapath;C:\windows\system32;C:\windows;C:\windows\System32\Wbem;C:\windows\System32\WindowsPowerShell\v1.0\;C:\windows\System32\OpenSSH\;C:\Program Files\Java\jdk1.8.0_261\bin;C:\Program Files\dotnet\;C:\Users\karsv\AppData\Local\Programs\Python\Python39\Scripts\;C:\Users\karsv\AppData\Local\Programs\Python\Python39\;C:\Users\karsv\AppData\Local\Microsoft\WindowsApps;C:\Program Files\JetBrains\IntelliJ IDEA Community Edition 2018.3.6\bin;;C:\Users\karsv\AppData\Local\GitHubDesktop\bin;C:\Users\karsv\AppData\Local\Programs\Microsoft VS Code\bin;C:\Users\karsv\.dotnet\tools
USERNAME=karsv
OS=Windows_NT
PROCESSOR_IDENTIFIER=Intel64 Family 6 Model 140 Stepping 1, GenuineIntel



---------------  S Y S T E M  ---------------

OS: Windows 10.0 , 64 bit Build 19041 (10.0.19041.1348)

CPU:total 8 (initial active 8) (4 cores per cpu, 2 threads per core) family 6 model 140 stepping 1, cmov, cx8, fxsr, mmx, sse, sse2, sse3, ssse3, sse4.1, sse4.2, popcnt, avx, avx2, aes, clmul, erms, 3dnowpref, lzcnt, ht, tsc, tscinvbit, bmi1, bmi2, adx

Memory: 4k page, physical 16537592k(6146676k free), swap 27462320k(10161252k free)

vm_info: Java HotSpot(TM) 64-Bit Server VM (25.261-b12) for windows-amd64 JRE (1.8.0_261-b12), built on Jun 18 2020 06:56:32 by "" with unknown MS VC++:1916

time: Thu Dec 23 14:29:49 2021
timezone: West-Europa (standaardtijd)
elapsed time: 13 seconds (0d 0h 0m 13s)

