#
# A fatal error has been detected by the Java Runtime Environment:
#
#  EXCEPTION_ACCESS_VIOLATION (0xc0000005) at pc=0x000000007110b5db, pid=39724, tid=0x000000000000ae88
#
# JRE version: Java(TM) SE Runtime Environment (8.0_261-b12) (build 1.8.0_261-b12)
# Java VM: Java HotSpot(TM) 64-Bit Server VM (25.261-b12 mixed mode windows-amd64 compressed oops)
# Problematic frame:
# C  [jSSC-2.8_x86_64.dll+0xb5db]
#
# Failed to write core dump. Minidumps are not enabled by default on client versions of Windows
#
# If you would like to submit a bug report, please visit:
#   http://bugreport.java.com/bugreport/crash.jsp
# The crash happened outside the Java Virtual Machine in native code.
# See problematic frame for where to report the bug.
#

---------------  T H R E A D  ---------------

Current thread (0x000001ecb75fa800):  JavaThread "JavaFX Application Thread" [_thread_in_native, id=44680, stack(0x000000542fe00000,0x000000542ff00000)]

siginfo: ExceptionCode=0xc0000005, reading address 0xffffffffbc7ae9ec

Registers:
RAX=0xffffffffbc7ae9ec, RBX=0x000000542fefc390, RCX=0x00007ffb7dd6cf54, RDX=0x0000000000000000
RSP=0x000000542fefc320, RBP=0x000000542fefc4a0, RSI=0x000001ecb75fa9f8, RDI=0x0000000000000820
R8 =0x000000542fefc218, R9 =0x000000542fefc310, R10=0x0000000000000000, R11=0x0000000000000246
R12=0x000000542fefc550, R13=0x000001ecb7d63560, R14=0x000000542fefc450, R15=0x000001ecb75fa800
RIP=0x000000007110b5db, EFLAGS=0x0000000000010202

Top of Stack: (sp=0x000000542fefc320)
0x000000542fefc320:   000001ecb7d2f690 000001ecb7d63430
0x000000542fefc330:   000000007110b230 000001ec9a3d0000
0x000000542fefc340:   000001ec9a330000 0000000000000004
0x000000542fefc350:   000001ecb75fa9f8 0000000000000820
0x000000542fefc360:   000000542fefc4a0 0000000071112590
0x000000542fefc370:   000001ecb75fa800 000000542fefc450
0x000000542fefc380:   000001ecb7d63560 000000542fefc550
0x000000542fefc390:   000001ecb7d63560 00007ffb7dcf47b1
0x000000542fefc3a0:   000000542fefc3d0 000001ec9a3d0000
0x000000542fefc3b0:   000000542fefc4a0 0000000000000000
0x000000542fefc3c0:   0000000071113500 0000000071113be8
0x000000542fefc3d0:   000000542fefc400 0000000071112641
0x000000542fefc3e0:   000000542fefc370 000001ecb75fa9f8
0x000000542fefc3f0:   0000000000000000 0000000000000000
0x000000542fefc400:   000000542fefc4a0 0000000071101595
0x000000542fefc410:   000000000000001c 000001ec00000000 

Instructions: (pc=0x000000007110b5db)
0x000000007110b5bb:   c5 0f 1f 40 00 55 57 56 53 48 83 ec 28 48 8b 05
0x000000007110b5cb:   39 33 01 00 48 89 cb 48 85 c0 0f 84 c5 00 00 00
0x000000007110b5db:   8b 38 85 ff 0f 88 ab 00 00 00 48 8b 05 1c 33 01
0x000000007110b5eb:   00 48 85 c0 0f 84 bc 00 00 00 8b 30 85 f6 74 57 


Register to memory mapping:

RAX=0xffffffffbc7ae9ec is an unknown value
RBX=0x000000542fefc390 is pointing into the stack for thread: 0x000001ecb75fa800
RCX=0x00007ffb7dd6cf54 is an unknown value
RDX=0x0000000000000000 is an unknown value
RSP=0x000000542fefc320 is pointing into the stack for thread: 0x000001ecb75fa800
RBP=0x000000542fefc4a0 is pointing into the stack for thread: 0x000001ecb75fa800
RSI=0x000001ecb75fa9f8 is an unknown value
RDI=0x0000000000000820 is an unknown value
R8 =0x000000542fefc218 is pointing into the stack for thread: 0x000001ecb75fa800
R9 =0x000000542fefc310 is pointing into the stack for thread: 0x000001ecb75fa800
R10=0x0000000000000000 is an unknown value
R11=0x0000000000000246 is an unknown value
R12=0x000000542fefc550 is pointing into the stack for thread: 0x000001ecb75fa800
R13=0x000001ecb7d63560 is an unknown value
R14=0x000000542fefc450 is pointing into the stack for thread: 0x000001ecb75fa800
R15=0x000001ecb75fa800 is a thread


Stack: [0x000000542fe00000,0x000000542ff00000],  sp=0x000000542fefc320,  free space=1008k
Native frames: (J=compiled Java code, j=interpreted, Vv=VM code, C=native code)
C  [jSSC-2.8_x86_64.dll+0xb5db]
C  [jSSC-2.8_x86_64.dll+0x12590]
C  [jSSC-2.8_x86_64.dll+0x1595]
C  0x000001ec9be39f4e

Java frames: (J=compiled Java code, j=interpreted, Vv=VM code)
j  jssc.SerialNativeInterface.openPort(Ljava/lang/String;Z)J+0
j  jssc.SerialPort.openPort()Z+65
j  GUI.Commands.forwardbutton()V+11
j  GUI.Layout.lambda$start$0(LGUI/Commands;Ljavafx/event/ActionEvent;)V+1
j  GUI.Layout$$Lambda$74.handle(Ljavafx/event/Event;)V+8
j  com.sun.javafx.event.CompositeEventHandler.dispatchBubblingEvent(Ljavafx/event/Event;)V+51
j  com.sun.javafx.event.EventHandlerManager.dispatchBubblingEvent(Ljavafx/event/EventType;Ljavafx/event/Event;)Ljavafx/event/Event;+29
j  com.sun.javafx.event.EventHandlerManager.dispatchBubblingEvent(Ljavafx/event/Event;)Ljavafx/event/Event;+8
j  com.sun.javafx.event.CompositeEventDispatcher.dispatchBubblingEvent(Ljavafx/event/Event;)Ljavafx/event/Event;+11
j  com.sun.javafx.event.BasicEventDispatcher.dispatchEvent(Ljavafx/event/Event;Ljavafx/event/EventDispatchChain;)Ljavafx/event/Event;+29
j  com.sun.javafx.event.EventDispatchChainImpl.dispatchEvent(Ljavafx/event/Event;)Ljavafx/event/Event;+69
j  com.sun.javafx.event.BasicEventDispatcher.dispatchEvent(Ljavafx/event/Event;Ljavafx/event/EventDispatchChain;)Ljavafx/event/Event;+17
j  com.sun.javafx.event.EventDispatchChainImpl.dispatchEvent(Ljavafx/event/Event;)Ljavafx/event/Event;+69
j  com.sun.javafx.event.BasicEventDispatcher.dispatchEvent(Ljavafx/event/Event;Ljavafx/event/EventDispatchChain;)Ljavafx/event/Event;+17
j  com.sun.javafx.event.EventDispatchChainImpl.dispatchEvent(Ljavafx/event/Event;)Ljavafx/event/Event;+69
j  com.sun.javafx.event.EventUtil.fireEventImpl(Ljavafx/event/EventDispatchChain;Ljavafx/event/EventTarget;Ljavafx/event/Event;)Ljavafx/event/Event;+10
j  com.sun.javafx.event.EventUtil.fireEvent(Ljavafx/event/EventTarget;Ljavafx/event/Event;)Ljavafx/event/Event;+37
j  javafx.event.Event.fireEvent(Ljavafx/event/EventTarget;Ljavafx/event/Event;)V+30
j  javafx.scene.Node.fireEvent(Ljavafx/event/Event;)V+86
j  javafx.scene.control.Button.fire()V+15
j  com.sun.javafx.scene.control.behavior.ButtonBehavior.mouseReleased(Ljavafx/scene/input/MouseEvent;)V+23
j  com.sun.javafx.scene.control.skin.BehaviorSkinBase$1.handle(Ljavafx/scene/input/MouseEvent;)V+83
j  com.sun.javafx.scene.control.skin.BehaviorSkinBase$1.handle(Ljavafx/event/Event;)V+5
j  com.sun.javafx.event.CompositeEventHandler$NormalEventHandlerRecord.handleBubblingEvent(Ljavafx/event/Event;)V+5
j  com.sun.javafx.event.CompositeEventHandler.dispatchBubblingEvent(Ljavafx/event/Event;)V+28
j  com.sun.javafx.event.EventHandlerManager.dispatchBubblingEvent(Ljavafx/event/EventType;Ljavafx/event/Event;)Ljavafx/event/Event;+29
j  com.sun.javafx.event.EventHandlerManager.dispatchBubblingEvent(Ljavafx/event/Event;)Ljavafx/event/Event;+8
j  com.sun.javafx.event.CompositeEventDispatcher.dispatchBubblingEvent(Ljavafx/event/Event;)Ljavafx/event/Event;+11
j  com.sun.javafx.event.BasicEventDispatcher.dispatchEvent(Ljavafx/event/Event;Ljavafx/event/EventDispatchChain;)Ljavafx/event/Event;+29
j  com.sun.javafx.event.EventDispatchChainImpl.dispatchEvent(Ljavafx/event/Event;)Ljavafx/event/Event;+69
j  com.sun.javafx.event.BasicEventDispatcher.dispatchEvent(Ljavafx/event/Event;Ljavafx/event/EventDispatchChain;)Ljavafx/event/Event;+17
j  com.sun.javafx.event.EventDispatchChainImpl.dispatchEvent(Ljavafx/event/Event;)Ljavafx/event/Event;+69
j  com.sun.javafx.event.BasicEventDispatcher.dispatchEvent(Ljavafx/event/Event;Ljavafx/event/EventDispatchChain;)Ljavafx/event/Event;+17
j  com.sun.javafx.event.EventDispatchChainImpl.dispatchEvent(Ljavafx/event/Event;)Ljavafx/event/Event;+69
j  com.sun.javafx.event.EventUtil.fireEventImpl(Ljavafx/event/EventDispatchChain;Ljavafx/event/EventTarget;Ljavafx/event/Event;)Ljavafx/event/Event;+10
j  com.sun.javafx.event.EventUtil.fireEvent(Ljavafx/event/EventTarget;Ljavafx/event/Event;)Ljavafx/event/Event;+46
j  javafx.event.Event.fireEvent(Ljavafx/event/EventTarget;Ljavafx/event/Event;)V+30
j  javafx.scene.Scene$MouseHandler.process(Ljavafx/scene/input/MouseEvent;Z)V+491
j  javafx.scene.Scene$MouseHandler.access$1500(Ljavafx/scene/Scene$MouseHandler;Ljavafx/scene/input/MouseEvent;Z)V+3
j  javafx.scene.Scene.impl_processMouseEvent(Ljavafx/scene/input/MouseEvent;)V+6
j  javafx.scene.Scene$ScenePeerListener.mouseEvent(Ljavafx/event/EventType;DDDDLjavafx/scene/input/MouseButton;ZZZZZZZZZ)V+46
j  com.sun.javafx.tk.quantum.GlassViewEventHandler$MouseEventNotification.run()Ljava/lang/Void;+571
j  com.sun.javafx.tk.quantum.GlassViewEventHandler$MouseEventNotification.run()Ljava/lang/Object;+1
v  ~StubRoutines::call_stub
j  java.security.AccessController.doPrivileged(Ljava/security/PrivilegedAction;Ljava/security/AccessControlContext;)Ljava/lang/Object;+0
j  com.sun.javafx.tk.quantum.GlassViewEventHandler.lambda$handleMouseEvent$2()Ljava/lang/Void;+11
j  com.sun.javafx.tk.quantum.GlassViewEventHandler$$Lambda$115.get()Ljava/lang/Object;+4
j  com.sun.javafx.tk.quantum.QuantumToolkit.runWithoutRenderLock(Ljava/util/function/Supplier;)Ljava/lang/Object;+18
j  com.sun.javafx.tk.quantum.GlassViewEventHandler.handleMouseEvent(Lcom/sun/glass/ui/View;JIIIIIIIZZ)V+103
j  com.sun.glass.ui.View.handleMouseEvent(JIIIIIIIZZ)V+30
j  com.sun.glass.ui.View.notifyMouse(IIIIIIIZZ)V+181
v  ~StubRoutines::call_stub
j  com.sun.glass.ui.win.WinApplication._runLoop(Ljava/lang/Runnable;)V+0
j  com.sun.glass.ui.win.WinApplication.lambda$null$4(ILjava/lang/Runnable;)V+8
j  com.sun.glass.ui.win.WinApplication$$Lambda$38.run()V+12
j  java.lang.Thread.run()V+11
v  ~StubRoutines::call_stub

---------------  P R O C E S S  ---------------

Java Threads: ( => current thread )
  0x000001ecb7a4e000 JavaThread "Prism Font Disposer" daemon [_thread_blocked, id=12996, stack(0x0000005430700000,0x0000005430800000)]
  0x000001ecb7844800 JavaThread "Thread-3" daemon [_thread_in_native, id=48508, stack(0x0000005430200000,0x0000005430300000)]
  0x000001ecb7859800 JavaThread "JavaFX-Launcher" [_thread_blocked, id=33672, stack(0x0000005430300000,0x0000005430400000)]
=>0x000001ecb75fa800 JavaThread "JavaFX Application Thread" [_thread_in_native, id=44680, stack(0x000000542fe00000,0x000000542ff00000)]
  0x000001ecb7643800 JavaThread "Thread-1" daemon [_thread_blocked, id=9560, stack(0x000000542fd00000,0x000000542fe00000)]
  0x000001ecb71eb800 JavaThread "QuantumRenderer-0" daemon [_thread_blocked, id=47488, stack(0x000000542fc00000,0x000000542fd00000)]
  0x000001ecb503d800 JavaThread "Service Thread" daemon [_thread_blocked, id=33072, stack(0x000000542fa00000,0x000000542fb00000)]
  0x000001ecb6e93000 JavaThread "C1 CompilerThread3" daemon [_thread_blocked, id=38888, stack(0x000000542f900000,0x000000542fa00000)]
  0x000001ecb6e95000 JavaThread "C2 CompilerThread2" daemon [_thread_blocked, id=49872, stack(0x000000542f800000,0x000000542f900000)]
  0x000001ecb5021000 JavaThread "C2 CompilerThread1" daemon [_thread_blocked, id=40780, stack(0x000000542f700000,0x000000542f800000)]
  0x000001ecb501c000 JavaThread "C2 CompilerThread0" daemon [_thread_blocked, id=42540, stack(0x000000542f600000,0x000000542f700000)]
  0x000001ecb6e73000 JavaThread "Monitor Ctrl-Break" daemon [_thread_in_native, id=45360, stack(0x000000542f500000,0x000000542f600000)]
  0x000001ecb4fbb000 JavaThread "Attach Listener" daemon [_thread_blocked, id=30052, stack(0x000000542f400000,0x000000542f500000)]
  0x000001ecb4fb9800 JavaThread "Signal Dispatcher" daemon [_thread_blocked, id=49928, stack(0x000000542f300000,0x000000542f400000)]
  0x000001ecb4f94000 JavaThread "Finalizer" daemon [_thread_blocked, id=46128, stack(0x000000542f200000,0x000000542f300000)]
  0x000001ecb4f8d000 JavaThread "Reference Handler" daemon [_thread_blocked, id=43012, stack(0x000000542f100000,0x000000542f200000)]
  0x000001ec9a409000 JavaThread "main" [_thread_blocked, id=50800, stack(0x000000542e700000,0x000000542e800000)]

Other Threads:
  0x000001ecb4f65800 VMThread [stack: 0x000000542f000000,0x000000542f100000] [id=46040]
  0x000001ecb6f1f800 WatcherThread [stack: 0x000000542fb00000,0x000000542fc00000] [id=53304]

VM state:not at safepoint (normal execution)

VM Mutex/Monitor currently owned by a thread: None

heap address: 0x00000006c3a00000, size: 4038 MB, Compressed Oops mode: Zero based, Oop shift amount: 3
Narrow klass base: 0x0000000000000000, Narrow klass shift: 3
Compressed class space size: 1073741824 Address: 0x00000007c0000000

Heap:
 PSYoungGen      total 75776K, used 41267K [0x000000076be00000, 0x0000000771280000, 0x00000007c0000000)
  eden space 65024K, 63% used [0x000000076be00000,0x000000076e64cde8,0x000000076fd80000)
  from space 10752K, 0% used [0x0000000770800000,0x0000000770800000,0x0000000771280000)
  to   space 10752K, 0% used [0x000000076fd80000,0x000000076fd80000,0x0000000770800000)
 ParOldGen       total 173568K, used 0K [0x00000006c3a00000, 0x00000006ce380000, 0x000000076be00000)
  object space 173568K, 0% used [0x00000006c3a00000,0x00000006c3a00000,0x00000006ce380000)
 Metaspace       used 13099K, capacity 13624K, committed 13824K, reserved 1060864K
  class space    used 1770K, capacity 1958K, committed 2048K, reserved 1048576K

Card table byte_map: [0x000001ecab1e0000,0x000001ecab9d0000] byte_map_base: 0x000001eca7bc3000

Marking Bits: (ParMarkBitMap*) 0x000000006f484fb0
 Begin Bits: [0x000001ecabf20000, 0x000001ecafe38000)
 End Bits:   [0x000001ecafe38000, 0x000001ecb3d50000)

Polling page: 0x000001ec9a5d0000

CodeCache: size=245760Kb used=3874Kb max_used=3885Kb free=241885Kb
 bounds [0x000001ec9be20000, 0x000001ec9c1f0000, 0x000001ecaae20000]
 total_blobs=1653 nmethods=1029 adapters=536
 compilation: enabled

Compilation events (10 events):
Event: 2.277 Thread 0x000001ecb6e93000 nmethod 1025 0x000001ec9c1e2690 code [0x000001ec9c1e2800, 0x000001ec9c1e2ca0]
Event: 2.277 Thread 0x000001ecb6e93000 1026       3       java.lang.invoke.LambdaForm$DMH/225534817::invokeStatic_L_L (14 bytes)
Event: 2.277 Thread 0x000001ecb6e93000 nmethod 1026 0x000001ec9c1e1e50 code [0x000001ec9c1e1fe0, 0x000001ec9c1e2540]
Event: 2.315 Thread 0x000001ecb6e93000 1027       3       com.sun.javafx.event.EventDispatchChainImpl::dispatchEvent (101 bytes)
Event: 2.315 Thread 0x000001ecb6e93000 nmethod 1027 0x000001ec9c1e17d0 code [0x000001ec9c1e1940, 0x000001ec9c1e1c50]
Event: 2.316 Thread 0x000001ecb6e93000 1028       1       java.net.URL::getUserInfo (5 bytes)
Event: 2.316 Thread 0x000001ecb6e93000 nmethod 1028 0x000001ec9c1e1510 code [0x000001ec9c1e1660, 0x000001ec9c1e1778]
Event: 2.318 Thread 0x000001ecb6e93000 1029       1       java.util.HashMap$Node::getKey (5 bytes)
Event: 2.318 Thread 0x000001ecb6e93000 nmethod 1029 0x000001ec9c1e1010 code [0x000001ec9c1e1160, 0x000001ec9c1e1278]
Event: 2.319 Thread 0x000001ecb501c000 1030       4       java.lang.String::equals (81 bytes)

GC Heap History (0 events):
No events

Deoptimization events (10 events):
Event: 0.452 Thread 0x000001ecb75fa800 Uncommon trap: reason=class_check action=maybe_recompile pc=0x000001ec9c08d4e8 method=java.io.DataInputStream.readShort()S @ 4
Event: 0.452 Thread 0x000001ecb75fa800 Uncommon trap: reason=class_check action=maybe_recompile pc=0x000001ec9c08d4e8 method=java.io.DataInputStream.readShort()S @ 4
Event: 0.453 Thread 0x000001ecb75fa800 Uncommon trap: reason=class_check action=maybe_recompile pc=0x000001ec9c08d4e8 method=java.io.DataInputStream.readShort()S @ 4
Event: 0.453 Thread 0x000001ecb75fa800 Uncommon trap: reason=class_check action=maybe_recompile pc=0x000001ec9c08d4e8 method=java.io.DataInputStream.readShort()S @ 4
Event: 0.458 Thread 0x000001ecb75fa800 Uncommon trap: reason=class_check action=maybe_recompile pc=0x000001ec9bfb10c0 method=java.lang.String.equals(Ljava/lang/Object;)Z @ 8
Event: 0.458 Thread 0x000001ecb75fa800 Uncommon trap: reason=class_check action=maybe_recompile pc=0x000001ec9bfb10c0 method=java.lang.String.equals(Ljava/lang/Object;)Z @ 8
Event: 0.458 Thread 0x000001ecb75fa800 Uncommon trap: reason=class_check action=maybe_recompile pc=0x000001ec9bfb10c0 method=java.lang.String.equals(Ljava/lang/Object;)Z @ 8
Event: 0.459 Thread 0x000001ecb75fa800 Uncommon trap: reason=class_check action=maybe_recompile pc=0x000001ec9bfb10c0 method=java.lang.String.equals(Ljava/lang/Object;)Z @ 8
Event: 0.498 Thread 0x000001ecb75fa800 Uncommon trap: reason=unstable_if action=reinterpret pc=0x000001ec9c0db524 method=sun.net.www.ParseUtil.encodePath(Ljava/lang/String;Z)Ljava/lang/String; @ 109
Event: 2.117 Thread 0x000001ecb75fa800 Uncommon trap: reason=unstable_if action=reinterpret pc=0x000001ec9c125398 method=jdk.internal.org.objectweb.asm.Type.getArgumentsAndReturnSizes(Ljava/lang/String;)I @ 47

Classes redefined (0 events):
No events

Internal exceptions (10 events):
Event: 0.114 Thread 0x000001ec9a409000 Exception <a 'java/lang/NoSuchFieldError': method resolution failed> (0x000000076c324f40) thrown at [C:\jenkins\workspace\8-2-build-windows-amd64-cygwin\jdk8u261\295\hotspot\src\share\vm\prims\methodHandles.cpp, line 1169]
Event: 0.129 Thread 0x000001ec9a409000 Exception <a 'java/security/PrivilegedActionException'> (0x000000076c3d1c28) thrown at [C:\jenkins\workspace\8-2-build-windows-amd64-cygwin\jdk8u261\295\hotspot\src\share\vm\prims\jvm.cpp, line 1512]
Event: 0.129 Thread 0x000001ec9a409000 Exception <a 'java/security/PrivilegedActionException'> (0x000000076c3d1e38) thrown at [C:\jenkins\workspace\8-2-build-windows-amd64-cygwin\jdk8u261\295\hotspot\src\share\vm\prims\jvm.cpp, line 1512]
Event: 0.130 Thread 0x000001ec9a409000 Exception <a 'java/security/PrivilegedActionException'> (0x000000076c3d5d48) thrown at [C:\jenkins\workspace\8-2-build-windows-amd64-cygwin\jdk8u261\295\hotspot\src\share\vm\prims\jvm.cpp, line 1512]
Event: 0.130 Thread 0x000001ec9a409000 Exception <a 'java/security/PrivilegedActionException'> (0x000000076c3d5f58) thrown at [C:\jenkins\workspace\8-2-build-windows-amd64-cygwin\jdk8u261\295\hotspot\src\share\vm\prims\jvm.cpp, line 1512]
Event: 0.130 Thread 0x000001ec9a409000 Exception <a 'java/lang/NullPointerException'> (0x000000076c3d6960) thrown at [C:\jenkins\workspace\8-2-build-windows-amd64-cygwin\jdk8u261\295\hotspot\src\share\vm\interpreter\linkResolver.cpp, line 1185]
Event: 0.140 Thread 0x000001ec9a409000 Implicit null exception at 0x000001ec9bf42655 to 0x000001ec9bf42825
Event: 0.310 Thread 0x000001ecb75fa800 Exception <a 'java/lang/NullPointerException'> (0x000000076d14b2b0) thrown at [C:\jenkins\workspace\8-2-build-windows-amd64-cygwin\jdk8u261\295\hotspot\src\share\vm\interpreter\linkResolver.cpp, line 1185]
Event: 0.310 Thread 0x000001ecb75fa800 Exception <a 'java/lang/NullPointerException'> (0x000000076d14b2b0) thrown at [C:\jenkins\workspace\8-2-build-windows-amd64-cygwin\jdk8u261\295\hotspot\src\share\vm\prims\jvm.cpp, line 1516]
Event: 0.378 Thread 0x000001ecb75fa800 Implicit null exception at 0x000001ec9c09edf5 to 0x000001ec9c09efed

Events (10 events):
Event: 2.316 loading class jssc/SerialPort$EventThread
Event: 2.316 loading class jssc/SerialPort$EventThread done
Event: 2.316 loading class jssc/SerialPort$LinuxEventThread
Event: 2.316 loading class jssc/SerialPort$LinuxEventThread done
Event: 2.316 loading class jssc/SerialPortTimeoutException
Event: 2.316 loading class jssc/SerialPortTimeoutException done
Event: 2.317 loading class jssc/SerialNativeInterface
Event: 2.317 loading class jssc/SerialNativeInterface done
Event: 2.317 loading class java/util/LinkedHashMap$LinkedKeyIterator
Event: 2.318 loading class java/util/LinkedHashMap$LinkedKeyIterator done


Dynamic libraries:
0x00007ff668fd0000 - 0x00007ff669017000 	C:\Program Files\Java\jdk1.8.0_261\bin\java.exe
0x00007ffb7dcd0000 - 0x00007ffb7dec5000 	C:\windows\SYSTEM32\ntdll.dll
0x00007ffb7c450000 - 0x00007ffb7c50e000 	C:\windows\System32\KERNEL32.DLL
0x00007ffb7b600000 - 0x00007ffb7b8c8000 	C:\windows\System32\KERNELBASE.dll
0x00007ffb7dbe0000 - 0x00007ffb7dc8c000 	C:\windows\System32\ADVAPI32.dll
0x00007ffb7cb00000 - 0x00007ffb7cb9e000 	C:\windows\System32\msvcrt.dll
0x00007ffb7c6f0000 - 0x00007ffb7c78b000 	C:\windows\System32\sechost.dll
0x00007ffb7dab0000 - 0x00007ffb7dbda000 	C:\windows\System32\RPCRT4.dll
0x00007ffb7c820000 - 0x00007ffb7c9c1000 	C:\windows\System32\USER32.dll
0x00007ffb7b3f0000 - 0x00007ffb7b412000 	C:\windows\System32\win32u.dll
0x00007ffb7d1e0000 - 0x00007ffb7d20b000 	C:\windows\System32\GDI32.dll
0x00007ffb7bab0000 - 0x00007ffb7bbbb000 	C:\windows\System32\gdi32full.dll
0x00007ffb7b4d0000 - 0x00007ffb7b56d000 	C:\windows\System32\msvcp_win.dll
0x00007ffb7b8d0000 - 0x00007ffb7b9d0000 	C:\windows\System32\ucrtbase.dll
0x00007ffb6d120000 - 0x00007ffb6d3ba000 	C:\windows\WinSxS\amd64_microsoft.windows.common-controls_6595b64144ccf1df_6.0.19041.1110_none_60b5254171f9507e\COMCTL32.dll
0x00007ffb7c790000 - 0x00007ffb7c7c0000 	C:\windows\System32\IMM32.DLL
0x00007ffb5aea0000 - 0x00007ffb5aeb5000 	C:\Program Files\Java\jdk1.8.0_261\jre\bin\vcruntime140.dll
0x00007ffb35660000 - 0x00007ffb356fb000 	C:\Program Files\Java\jdk1.8.0_261\jre\bin\msvcp140.dll
0x000000006ec90000 - 0x000000006f4fc000 	C:\Program Files\Java\jdk1.8.0_261\jre\bin\server\jvm.dll
0x00007ffb7c440000 - 0x00007ffb7c448000 	C:\windows\System32\PSAPI.DLL
0x00007ffb72fd0000 - 0x00007ffb72fd9000 	C:\windows\SYSTEM32\WSOCK32.dll
0x00007ffb7c680000 - 0x00007ffb7c6eb000 	C:\windows\System32\WS2_32.dll
0x00007ffb56960000 - 0x00007ffb56987000 	C:\windows\SYSTEM32\WINMM.dll
0x00007ffb73040000 - 0x00007ffb7304a000 	C:\windows\SYSTEM32\VERSION.dll
0x00007ffb79c70000 - 0x00007ffb79c82000 	C:\windows\SYSTEM32\kernel.appcore.dll
0x00007ffb76f30000 - 0x00007ffb76f40000 	C:\Program Files\Java\jdk1.8.0_261\jre\bin\verify.dll
0x00007ffb404b0000 - 0x00007ffb404db000 	C:\Program Files\Java\jdk1.8.0_261\jre\bin\java.dll
0x00007ffb43920000 - 0x00007ffb43952000 	C:\Program Files\Java\jdk1.8.0_261\jre\bin\instrument.dll
0x00007ffb5ae20000 - 0x00007ffb5ae38000 	C:\Program Files\Java\jdk1.8.0_261\jre\bin\zip.dll
0x00007ffb7d270000 - 0x00007ffb7d9af000 	C:\windows\System32\SHELL32.dll
0x00007ffb794d0000 - 0x00007ffb79c60000 	C:\windows\SYSTEM32\windows.storage.dll
0x00007ffb7cc50000 - 0x00007ffb7cfa5000 	C:\windows\System32\combase.dll
0x00007ffb7ae40000 - 0x00007ffb7ae6e000 	C:\windows\SYSTEM32\Wldp.dll
0x00007ffb7d0d0000 - 0x00007ffb7d17d000 	C:\windows\System32\SHCORE.dll
0x00007ffb7d180000 - 0x00007ffb7d1d5000 	C:\windows\System32\shlwapi.dll
0x00007ffb7b330000 - 0x00007ffb7b34f000 	C:\windows\SYSTEM32\profapi.dll
0x00007ffb5dec0000 - 0x00007ffb5deda000 	C:\Program Files\JetBrains\IntelliJ IDEA Community Edition 2018.3.6\bin\breakgen64.dll
0x00007ffb5ad80000 - 0x00007ffb5ad9c000 	C:\Program Files\Java\jdk1.8.0_261\jre\bin\net.dll
0x00007ffb7aba0000 - 0x00007ffb7ac0a000 	C:\windows\system32\mswsock.dll
0x000001ecb7230000 - 0x000001ecb7233000 	C:\Program Files\Java\jdk1.8.0_261\jre\bin\api-ms-win-core-console-l1-1-0.dll
0x000001ecb7240000 - 0x000001ecb7243000 	C:\Program Files\Java\jdk1.8.0_261\jre\bin\api-ms-win-core-datetime-l1-1-0.dll
0x000001ecb7250000 - 0x000001ecb7253000 	C:\Program Files\Java\jdk1.8.0_261\jre\bin\api-ms-win-core-debug-l1-1-0.dll
0x000001ecb7260000 - 0x000001ecb7263000 	C:\Program Files\Java\jdk1.8.0_261\jre\bin\api-ms-win-core-errorhandling-l1-1-0.dll
0x000001ecb7270000 - 0x000001ecb7274000 	C:\Program Files\Java\jdk1.8.0_261\jre\bin\api-ms-win-core-file-l1-1-0.dll
0x000001ecb7280000 - 0x000001ecb7283000 	C:\Program Files\Java\jdk1.8.0_261\jre\bin\api-ms-win-core-file-l1-2-0.dll
0x000001ecb7290000 - 0x000001ecb7293000 	C:\Program Files\Java\jdk1.8.0_261\jre\bin\api-ms-win-core-file-l2-1-0.dll
0x000001ecb72a0000 - 0x000001ecb72a3000 	C:\Program Files\Java\jdk1.8.0_261\jre\bin\api-ms-win-core-handle-l1-1-0.dll
0x000001ecb72b0000 - 0x000001ecb72b3000 	C:\Program Files\Java\jdk1.8.0_261\jre\bin\api-ms-win-core-heap-l1-1-0.dll
0x000001ecb72c0000 - 0x000001ecb72c3000 	C:\Program Files\Java\jdk1.8.0_261\jre\bin\api-ms-win-core-interlocked-l1-1-0.dll
0x000001ecb72d0000 - 0x000001ecb72d3000 	C:\Program Files\Java\jdk1.8.0_261\jre\bin\api-ms-win-core-libraryloader-l1-1-0.dll
0x000001ecb72e0000 - 0x000001ecb72e3000 	C:\Program Files\Java\jdk1.8.0_261\jre\bin\api-ms-win-core-localization-l1-2-0.dll
0x000001ecb72f0000 - 0x000001ecb72f3000 	C:\Program Files\Java\jdk1.8.0_261\jre\bin\api-ms-win-core-memory-l1-1-0.dll
0x000001ecb7300000 - 0x000001ecb7303000 	C:\Program Files\Java\jdk1.8.0_261\jre\bin\api-ms-win-core-namedpipe-l1-1-0.dll
0x000001ecb7310000 - 0x000001ecb7313000 	C:\Program Files\Java\jdk1.8.0_261\jre\bin\api-ms-win-core-processenvironment-l1-1-0.dll
0x000001ecb7320000 - 0x000001ecb7323000 	C:\Program Files\Java\jdk1.8.0_261\jre\bin\api-ms-win-core-processthreads-l1-1-0.dll
0x000001ecb7330000 - 0x000001ecb7333000 	C:\Program Files\Java\jdk1.8.0_261\jre\bin\api-ms-win-core-processthreads-l1-1-1.dll
0x000001ecb7340000 - 0x000001ecb7343000 	C:\Program Files\Java\jdk1.8.0_261\jre\bin\api-ms-win-core-profile-l1-1-0.dll
0x000001ecb7350000 - 0x000001ecb7353000 	C:\Program Files\Java\jdk1.8.0_261\jre\bin\api-ms-win-core-rtlsupport-l1-1-0.dll
0x000001ecb7360000 - 0x000001ecb7363000 	C:\Program Files\Java\jdk1.8.0_261\jre\bin\api-ms-win-core-string-l1-1-0.dll
0x000001ecb7370000 - 0x000001ecb7373000 	C:\Program Files\Java\jdk1.8.0_261\jre\bin\api-ms-win-core-synch-l1-1-0.dll
0x000001ecb7380000 - 0x000001ecb7383000 	C:\Program Files\Java\jdk1.8.0_261\jre\bin\api-ms-win-core-synch-l1-2-0.dll
0x000001ecb7390000 - 0x000001ecb7393000 	C:\Program Files\Java\jdk1.8.0_261\jre\bin\api-ms-win-core-sysinfo-l1-1-0.dll
0x000001ecb73a0000 - 0x000001ecb73a3000 	C:\Program Files\Java\jdk1.8.0_261\jre\bin\api-ms-win-core-timezone-l1-1-0.dll
0x000001ecb73b0000 - 0x000001ecb73b3000 	C:\Program Files\Java\jdk1.8.0_261\jre\bin\api-ms-win-core-util-l1-1-0.dll
0x000001ecb73c0000 - 0x000001ecb73c3000 	C:\Program Files\Java\jdk1.8.0_261\jre\bin\api-ms-win-crt-conio-l1-1-0.dll
0x000001ecb73d0000 - 0x000001ecb73d4000 	C:\Program Files\Java\jdk1.8.0_261\jre\bin\api-ms-win-crt-convert-l1-1-0.dll
0x000001ecb73e0000 - 0x000001ecb73e3000 	C:\Program Files\Java\jdk1.8.0_261\jre\bin\api-ms-win-crt-environment-l1-1-0.dll
0x000001ecb73f0000 - 0x000001ecb73f3000 	C:\Program Files\Java\jdk1.8.0_261\jre\bin\api-ms-win-crt-filesystem-l1-1-0.dll
0x000001ecb7400000 - 0x000001ecb7403000 	C:\Program Files\Java\jdk1.8.0_261\jre\bin\api-ms-win-crt-heap-l1-1-0.dll
0x000001ecb7410000 - 0x000001ecb7413000 	C:\Program Files\Java\jdk1.8.0_261\jre\bin\api-ms-win-crt-locale-l1-1-0.dll
0x000001ecb7420000 - 0x000001ecb7425000 	C:\Program Files\Java\jdk1.8.0_261\jre\bin\api-ms-win-crt-math-l1-1-0.dll
0x000001ecb7430000 - 0x000001ecb7435000 	C:\Program Files\Java\jdk1.8.0_261\jre\bin\api-ms-win-crt-multibyte-l1-1-0.dll
0x000001ecb7440000 - 0x000001ecb7450000 	C:\Program Files\Java\jdk1.8.0_261\jre\bin\api-ms-win-crt-private-l1-1-0.dll
0x000001ecb7450000 - 0x000001ecb7453000 	C:\Program Files\Java\jdk1.8.0_261\jre\bin\api-ms-win-crt-process-l1-1-0.dll
0x000001ecb7460000 - 0x000001ecb7464000 	C:\Program Files\Java\jdk1.8.0_261\jre\bin\api-ms-win-crt-runtime-l1-1-0.dll
0x000001ecb7470000 - 0x000001ecb7474000 	C:\Program Files\Java\jdk1.8.0_261\jre\bin\api-ms-win-crt-stdio-l1-1-0.dll
0x000001ecb7480000 - 0x000001ecb7484000 	C:\Program Files\Java\jdk1.8.0_261\jre\bin\api-ms-win-crt-string-l1-1-0.dll
0x000001ecb7490000 - 0x000001ecb7493000 	C:\Program Files\Java\jdk1.8.0_261\jre\bin\api-ms-win-crt-time-l1-1-0.dll
0x000001ecb74a0000 - 0x000001ecb74a3000 	C:\Program Files\Java\jdk1.8.0_261\jre\bin\api-ms-win-crt-utility-l1-1-0.dll
0x00007ffb279c0000 - 0x00007ffb27abc000 	C:\Program Files\Java\jdk1.8.0_261\jre\bin\ucrtbase.dll
0x00007ffb3cf20000 - 0x00007ffb3cf71000 	C:\Program Files\Java\jdk1.8.0_261\jre\bin\concrt140.dll
0x00007ffb576d0000 - 0x00007ffb576f3000 	C:\Program Files\Java\jdk1.8.0_261\jre\bin\prism_d3d.dll
0x00007ffb1d240000 - 0x00007ffb1d40e000 	C:\windows\system32\d3d9.dll
0x00007ffb78b40000 - 0x00007ffb78b6f000 	C:\windows\SYSTEM32\dwmapi.dll
0x00007ffb789b0000 - 0x00007ffb78a4e000 	C:\windows\system32\uxtheme.dll
0x00007ffb2f750000 - 0x00007ffb2f8b5000 	C:\windows\System32\DriverStore\FileRepository\iigd_dch.inf_amd64_14d6d9e2312c79ae\igdumdim64.dll
0x00007ffb7c9d0000 - 0x00007ffb7cafa000 	C:\windows\System32\ole32.dll
0x00007ffb14010000 - 0x00007ffb17c35000 	C:\windows\System32\DriverStore\FileRepository\iigd_dch.inf_amd64_14d6d9e2312c79ae\igd9dxva64.dll
0x00007ffb7d9c0000 - 0x00007ffb7da8d000 	C:\windows\System32\OLEAUT32.dll
0x00007ffb7bfc0000 - 0x00007ffb7c432000 	C:\windows\System32\SETUPAPI.dll
0x00007ffb7b9d0000 - 0x00007ffb7ba1e000 	C:\windows\System32\cfgmgr32.dll
0x00007ffb7ba80000 - 0x00007ffb7baa7000 	C:\windows\System32\bcrypt.dll
0x00007ffb69c30000 - 0x00007ffb69fed000 	C:\windows\System32\DriverStore\FileRepository\iigd_dch.inf_amd64_14d6d9e2312c79ae\igdgmm64.dll
0x00007ffb33670000 - 0x00007ffb336b5000 	C:\Program Files\Java\jdk1.8.0_261\jre\bin\glass.dll
0x00007ffb7c510000 - 0x00007ffb7c5ea000 	C:\windows\System32\COMDLG32.dll
0x00007ffb7cfb0000 - 0x00007ffb7d0c5000 	C:\windows\System32\MSCTF.dll
0x00007ffb7b570000 - 0x00007ffb7b5f3000 	C:\windows\System32\bcryptPrimitives.dll
0x00007ffb20210000 - 0x00007ffb20237000 	C:\windows\System32\DriverStore\FileRepository\iigd_dch.inf_amd64_14d6d9e2312c79ae\igdinfo64.dll
0x00007ffb669f0000 - 0x00007ffb69c28000 	C:\windows\System32\DriverStore\FileRepository\iigd_dch.inf_amd64_14d6d9e2312c79ae\igc64.dll
0x00007ffb6d020000 - 0x00007ffb6d05b000 	C:\windows\SYSTEM32\dxcore.dll
0x00007ffb5abb0000 - 0x00007ffb5abc4000 	C:\Program Files\Java\jdk1.8.0_261\jre\bin\javafx_font.dll
0x00007ffb41aa0000 - 0x00007ffb41d23000 	C:\windows\SYSTEM32\dwrite.dll
0x00007ffb7cba0000 - 0x00007ffb7cc49000 	C:\windows\System32\clbcatq.dll
0x00007ffb71ee0000 - 0x00007ffb72094000 	C:\windows\SYSTEM32\WindowsCodecs.dll
0x00007ffb40470000 - 0x00007ffb404ae000 	C:\windows\system32\dataexchange.dll
0x00007ffb77d40000 - 0x00007ffb77f25000 	C:\windows\system32\dcomp.dll
0x00007ffb77510000 - 0x00007ffb77774000 	C:\windows\system32\d3d11.dll
0x00007ffb79ce0000 - 0x00007ffb79dd4000 	C:\windows\system32\dxgi.dll
0x00007ffb73460000 - 0x00007ffb73661000 	C:\windows\system32\twinapi.appcore.dll
0x00007ffb438e0000 - 0x00007ffb43914000 	C:\Program Files\Common Files\Microsoft Shared\Ink\rtscom.dll
0x00007ffb58150000 - 0x00007ffb58249000 	C:\windows\SYSTEM32\textinputframework.dll
0x00007ffb78610000 - 0x00007ffb78702000 	C:\windows\System32\CoreMessaging.dll
0x00007ffb77f30000 - 0x00007ffb7828e000 	C:\windows\System32\CoreUIComponents.dll
0x00007ffb76f50000 - 0x00007ffb770a4000 	C:\windows\SYSTEM32\wintypes.dll
0x00007ffb7a0e0000 - 0x00007ffb7a113000 	C:\windows\SYSTEM32\ntmarta.dll
0x00007ffb56de0000 - 0x00007ffb56df2000 	C:\Program Files\Java\jdk1.8.0_261\jre\bin\prism_common.dll
0x0000000071100000 - 0x0000000071125000 	C:\Users\karsv\.jssc\windows\jSSC-2.8_x86_64.dll
0x00007ffb79020000 - 0x00007ffb79204000 	C:\windows\SYSTEM32\dbghelp.dll

VM Arguments:
jvm_args: -javaagent:C:\Program Files\JetBrains\IntelliJ IDEA Community Edition 2018.3.6\lib\idea_rt.jar=54838:C:\Program Files\JetBrains\IntelliJ IDEA Community Edition 2018.3.6\bin -Dfile.encoding=UTF-8 
java_command: GUI.Layout
java_class_path (initial): C:\Program Files\Java\jdk1.8.0_261\jre\lib\charsets.jar;C:\Program Files\Java\jdk1.8.0_261\jre\lib\deploy.jar;C:\Program Files\Java\jdk1.8.0_261\jre\lib\ext\access-bridge-64.jar;C:\Program Files\Java\jdk1.8.0_261\jre\lib\ext\cldrdata.jar;C:\Program Files\Java\jdk1.8.0_261\jre\lib\ext\dnsns.jar;C:\Program Files\Java\jdk1.8.0_261\jre\lib\ext\jaccess.jar;C:\Program Files\Java\jdk1.8.0_261\jre\lib\ext\jfxrt.jar;C:\Program Files\Java\jdk1.8.0_261\jre\lib\ext\localedata.jar;C:\Program Files\Java\jdk1.8.0_261\jre\lib\ext\nashorn.jar;C:\Program Files\Java\jdk1.8.0_261\jre\lib\ext\sunec.jar;C:\Program Files\Java\jdk1.8.0_261\jre\lib\ext\sunjce_provider.jar;C:\Program Files\Java\jdk1.8.0_261\jre\lib\ext\sunmscapi.jar;C:\Program Files\Java\jdk1.8.0_261\jre\lib\ext\sunpkcs11.jar;C:\Program Files\Java\jdk1.8.0_261\jre\lib\ext\zipfs.jar;C:\Program Files\Java\jdk1.8.0_261\jre\lib\javaws.jar;C:\Program Files\Java\jdk1.8.0_261\jre\lib\jce.jar;C:\Program Files\Java\jdk1.8.0_261\jre\lib\jfr.jar;C:\Program Files\Java\jdk1.8.0_261\jre\lib\jfxswt.jar;C:\Program Files\Java\jdk1.8.0_261\jre\lib\jsse.jar;C:\Program Files\Java\jdk1.8.0_261\jre\lib\management-agent.jar;C:\Program Files\Java\jdk1.8.0_261\jre\lib\plugin.jar;C:\Program Files\Java\jdk1.8.0_261\jre\lib\resources.jar;C:\Program Files\Java\jdk1.8.0_261\jre\lib\rt.jar;C:\Users\karsv\OneDrive\Documenten\GitHub\BoeBot\out\production\BoeBot;C:\Users\karsv\OneDrive\Documenten\GitHub\BoeBot\lib\BoeBotLib.jar;C:\Users\karsv\Downloads\jssc-2.8.0.jar;C:\Program Files\JetBrains\IntelliJ IDEA Community Edition 2018.3.6\lib\idea_rt.jar
Launcher Type: SUN_STANDARD

Environment Variables:
JAVA_HOME=C:\Program Files\Java\jdk1.8.0_261
PATH=C:\Program Files (x86)\Common Files\Oracle\Java\javapath;C:\windows\system32;C:\windows;C:\windows\System32\Wbem;C:\windows\System32\WindowsPowerShell\v1.0\;C:\windows\System32\OpenSSH\;C:\Program Files\Java\jdk1.8.0_261\bin;C:\Program Files\dotnet\;C:\Users\karsv\AppData\Local\Programs\Python\Python39\Scripts\;C:\Users\karsv\AppData\Local\Programs\Python\Python39\;C:\Users\karsv\AppData\Local\Microsoft\WindowsApps;C:\Program Files\JetBrains\IntelliJ IDEA Community Edition 2018.3.6\bin;;C:\Users\karsv\AppData\Local\GitHubDesktop\bin;C:\Users\karsv\AppData\Local\Programs\Microsoft VS Code\bin;C:\Users\karsv\.dotnet\tools
USERNAME=karsv
OS=Windows_NT
PROCESSOR_IDENTIFIER=Intel64 Family 6 Model 140 Stepping 1, GenuineIntel



---------------  S Y S T E M  ---------------

OS: Windows 10.0 , 64 bit Build 19041 (10.0.19041.1348)

CPU:total 8 (initial active 8) (4 cores per cpu, 2 threads per core) family 6 model 140 stepping 1, cmov, cx8, fxsr, mmx, sse, sse2, sse3, ssse3, sse4.1, sse4.2, popcnt, avx, avx2, aes, clmul, erms, 3dnowpref, lzcnt, ht, tsc, tscinvbit, bmi1, bmi2, adx

Memory: 4k page, physical 16537592k(6181548k free), swap 27462320k(10358332k free)

vm_info: Java HotSpot(TM) 64-Bit Server VM (25.261-b12) for windows-amd64 JRE (1.8.0_261-b12), built on Jun 18 2020 06:56:32 by "" with unknown MS VC++:1916

time: Thu Dec 23 14:01:43 2021
timezone: West-Europa (standaardtijd)
elapsed time: 2 seconds (0d 0h 0m 2s)

