#
# A fatal error has been detected by the Java Runtime Environment:
#
#  EXCEPTION_ACCESS_VIOLATION (0xc0000005) at pc=0x000000007110b5db, pid=41136, tid=0x000000000000a3b0
#
# JRE version: Java(TM) SE Runtime Environment (8.0_261-b12) (build 1.8.0_261-b12)
# Java VM: Java HotSpot(TM) 64-Bit Server VM (25.261-b12 mixed mode windows-amd64 compressed oops)
# Problematic frame:
# C  [jSSC-2.8_x86_64.dll+0xb5db]
#
# Failed to write core dump. Minidumps are not enabled by default on client versions of Windows
#
# If you would like to submit a bug report, please visit:
#   http://bugreport.java.com/bugreport/crash.jsp
# The crash happened outside the Java Virtual Machine in native code.
# See problematic frame for where to report the bug.
#

---------------  T H R E A D  ---------------

Current thread (0x000002687f266800):  JavaThread "JavaFX Application Thread" [_thread_in_native, id=41904, stack(0x0000009582500000,0x0000009582600000)]

siginfo: ExceptionCode=0xc0000005, reading address 0x000000007fe9ebe8

Registers:
RAX=0x000000007fe9ebe8, RBX=0x00000095825fc270, RCX=0x00007ffb7dd6cf54, RDX=0x0000000000000000
RSP=0x00000095825fc200, RBP=0x00000095825fc380, RSI=0x000002687f2669f8, RDI=0x0000000000000820
R8 =0x00000095825fc0f8, R9 =0x00000095825fc1f0, R10=0x0000000000000000, R11=0x0000000000000246
R12=0x00000095825fc438, R13=0x000002687f46b770, R14=0x00000095825fc330, R15=0x000002687f266800
RIP=0x000000007110b5db, EFLAGS=0x0000000000010202

Top of Stack: (sp=0x00000095825fc200)
0x00000095825fc200:   000002687f6b7230 000002687f46b450
0x00000095825fc210:   000000007110b230 0000026869e50000
0x00000095825fc220:   000002686a020000 0000000000000004
0x00000095825fc230:   000002687f2669f8 0000000000000820
0x00000095825fc240:   00000095825fc380 0000000071112590
0x00000095825fc250:   000002687f266800 00000095825fc330
0x00000095825fc260:   000002687f46b770 00000095825fc438
0x00000095825fc270:   000002687f46b770 00007ffb7dcf47b1
0x00000095825fc280:   00000095825fc2b0 0000026869e50000
0x00000095825fc290:   00000095825fc380 0000000000000000
0x00000095825fc2a0:   0000000071113500 0000000071113be8
0x00000095825fc2b0:   00000095825fc2e0 0000000071112641
0x00000095825fc2c0:   00000095825fc250 000002687f2669f8
0x00000095825fc2d0:   0000000000000000 0000000000000000
0x00000095825fc2e0:   00000095825fc380 0000000071101595
0x00000095825fc2f0:   000000000000001c 0000026800000000 

Instructions: (pc=0x000000007110b5db)
0x000000007110b5bb:   c5 0f 1f 40 00 55 57 56 53 48 83 ec 28 48 8b 05
0x000000007110b5cb:   39 33 01 00 48 89 cb 48 85 c0 0f 84 c5 00 00 00
0x000000007110b5db:   8b 38 85 ff 0f 88 ab 00 00 00 48 8b 05 1c 33 01
0x000000007110b5eb:   00 48 85 c0 0f 84 bc 00 00 00 8b 30 85 f6 74 57 


Register to memory mapping:

RAX=0x000000007fe9ebe8 is an unknown value
RBX=0x00000095825fc270 is pointing into the stack for thread: 0x000002687f266800
RCX=0x00007ffb7dd6cf54 is an unknown value
RDX=0x0000000000000000 is an unknown value
RSP=0x00000095825fc200 is pointing into the stack for thread: 0x000002687f266800
RBP=0x00000095825fc380 is pointing into the stack for thread: 0x000002687f266800
RSI=0x000002687f2669f8 is an unknown value
RDI=0x0000000000000820 is an unknown value
R8 =0x00000095825fc0f8 is pointing into the stack for thread: 0x000002687f266800
R9 =0x00000095825fc1f0 is pointing into the stack for thread: 0x000002687f266800
R10=0x0000000000000000 is an unknown value
R11=0x0000000000000246 is an unknown value
R12=0x00000095825fc438 is pointing into the stack for thread: 0x000002687f266800
R13=0x000002687f46b770 is an unknown value
R14=0x00000095825fc330 is pointing into the stack for thread: 0x000002687f266800
R15=0x000002687f266800 is a thread


Stack: [0x0000009582500000,0x0000009582600000],  sp=0x00000095825fc200,  free space=1008k
Native frames: (J=compiled Java code, j=interpreted, Vv=VM code, C=native code)
C  [jSSC-2.8_x86_64.dll+0xb5db]
C  [jSSC-2.8_x86_64.dll+0x12590]
C  [jSSC-2.8_x86_64.dll+0x1595]
C  0x000002686b909f4e

Java frames: (J=compiled Java code, j=interpreted, Vv=VM code)
j  jssc.SerialNativeInterface.openPort(Ljava/lang/String;Z)J+0
j  jssc.SerialPort.openPort()Z+65
j  GUI.Commands.forwardbutton()V+14
j  GUI.Layout.lambda$start$0(LGUI/Commands;Ljavafx/event/ActionEvent;)V+1
j  GUI.Layout$$Lambda$74.handle(Ljavafx/event/Event;)V+8
j  com.sun.javafx.event.CompositeEventHandler.dispatchBubblingEvent(Ljavafx/event/Event;)V+51
j  com.sun.javafx.event.EventHandlerManager.dispatchBubblingEvent(Ljavafx/event/EventType;Ljavafx/event/Event;)Ljavafx/event/Event;+29
j  com.sun.javafx.event.EventHandlerManager.dispatchBubblingEvent(Ljavafx/event/Event;)Ljavafx/event/Event;+8
j  com.sun.javafx.event.CompositeEventDispatcher.dispatchBubblingEvent(Ljavafx/event/Event;)Ljavafx/event/Event;+11
j  com.sun.javafx.event.BasicEventDispatcher.dispatchEvent(Ljavafx/event/Event;Ljavafx/event/EventDispatchChain;)Ljavafx/event/Event;+29
j  com.sun.javafx.event.EventDispatchChainImpl.dispatchEvent(Ljavafx/event/Event;)Ljavafx/event/Event;+69
j  com.sun.javafx.event.BasicEventDispatcher.dispatchEvent(Ljavafx/event/Event;Ljavafx/event/EventDispatchChain;)Ljavafx/event/Event;+17
j  com.sun.javafx.event.EventDispatchChainImpl.dispatchEvent(Ljavafx/event/Event;)Ljavafx/event/Event;+69
j  com.sun.javafx.event.BasicEventDispatcher.dispatchEvent(Ljavafx/event/Event;Ljavafx/event/EventDispatchChain;)Ljavafx/event/Event;+17
j  com.sun.javafx.event.EventDispatchChainImpl.dispatchEvent(Ljavafx/event/Event;)Ljavafx/event/Event;+69
j  com.sun.javafx.event.EventUtil.fireEventImpl(Ljavafx/event/EventDispatchChain;Ljavafx/event/EventTarget;Ljavafx/event/Event;)Ljavafx/event/Event;+10
j  com.sun.javafx.event.EventUtil.fireEvent(Ljavafx/event/EventTarget;Ljavafx/event/Event;)Ljavafx/event/Event;+37
j  javafx.event.Event.fireEvent(Ljavafx/event/EventTarget;Ljavafx/event/Event;)V+30
j  javafx.scene.Node.fireEvent(Ljavafx/event/Event;)V+86
j  javafx.scene.control.Button.fire()V+15
j  com.sun.javafx.scene.control.behavior.ButtonBehavior.mouseReleased(Ljavafx/scene/input/MouseEvent;)V+23
j  com.sun.javafx.scene.control.skin.BehaviorSkinBase$1.handle(Ljavafx/scene/input/MouseEvent;)V+83
j  com.sun.javafx.scene.control.skin.BehaviorSkinBase$1.handle(Ljavafx/event/Event;)V+5
j  com.sun.javafx.event.CompositeEventHandler$NormalEventHandlerRecord.handleBubblingEvent(Ljavafx/event/Event;)V+5
j  com.sun.javafx.event.CompositeEventHandler.dispatchBubblingEvent(Ljavafx/event/Event;)V+28
j  com.sun.javafx.event.EventHandlerManager.dispatchBubblingEvent(Ljavafx/event/EventType;Ljavafx/event/Event;)Ljavafx/event/Event;+29
j  com.sun.javafx.event.EventHandlerManager.dispatchBubblingEvent(Ljavafx/event/Event;)Ljavafx/event/Event;+8
j  com.sun.javafx.event.CompositeEventDispatcher.dispatchBubblingEvent(Ljavafx/event/Event;)Ljavafx/event/Event;+11
j  com.sun.javafx.event.BasicEventDispatcher.dispatchEvent(Ljavafx/event/Event;Ljavafx/event/EventDispatchChain;)Ljavafx/event/Event;+29
j  com.sun.javafx.event.EventDispatchChainImpl.dispatchEvent(Ljavafx/event/Event;)Ljavafx/event/Event;+69
j  com.sun.javafx.event.BasicEventDispatcher.dispatchEvent(Ljavafx/event/Event;Ljavafx/event/EventDispatchChain;)Ljavafx/event/Event;+17
j  com.sun.javafx.event.EventDispatchChainImpl.dispatchEvent(Ljavafx/event/Event;)Ljavafx/event/Event;+69
j  com.sun.javafx.event.BasicEventDispatcher.dispatchEvent(Ljavafx/event/Event;Ljavafx/event/EventDispatchChain;)Ljavafx/event/Event;+17
j  com.sun.javafx.event.EventDispatchChainImpl.dispatchEvent(Ljavafx/event/Event;)Ljavafx/event/Event;+69
j  com.sun.javafx.event.EventUtil.fireEventImpl(Ljavafx/event/EventDispatchChain;Ljavafx/event/EventTarget;Ljavafx/event/Event;)Ljavafx/event/Event;+10
j  com.sun.javafx.event.EventUtil.fireEvent(Ljavafx/event/EventTarget;Ljavafx/event/Event;)Ljavafx/event/Event;+46
j  javafx.event.Event.fireEvent(Ljavafx/event/EventTarget;Ljavafx/event/Event;)V+30
j  javafx.scene.Scene$MouseHandler.process(Ljavafx/scene/input/MouseEvent;Z)V+491
j  javafx.scene.Scene$MouseHandler.access$1500(Ljavafx/scene/Scene$MouseHandler;Ljavafx/scene/input/MouseEvent;Z)V+3
j  javafx.scene.Scene.impl_processMouseEvent(Ljavafx/scene/input/MouseEvent;)V+6
j  javafx.scene.Scene$ScenePeerListener.mouseEvent(Ljavafx/event/EventType;DDDDLjavafx/scene/input/MouseButton;ZZZZZZZZZ)V+46
j  com.sun.javafx.tk.quantum.GlassViewEventHandler$MouseEventNotification.run()Ljava/lang/Void;+571
j  com.sun.javafx.tk.quantum.GlassViewEventHandler$MouseEventNotification.run()Ljava/lang/Object;+1
v  ~StubRoutines::call_stub
j  java.security.AccessController.doPrivileged(Ljava/security/PrivilegedAction;Ljava/security/AccessControlContext;)Ljava/lang/Object;+0
j  com.sun.javafx.tk.quantum.GlassViewEventHandler.lambda$handleMouseEvent$2()Ljava/lang/Void;+11
j  com.sun.javafx.tk.quantum.GlassViewEventHandler$$Lambda$115.get()Ljava/lang/Object;+4
j  com.sun.javafx.tk.quantum.QuantumToolkit.runWithoutRenderLock(Ljava/util/function/Supplier;)Ljava/lang/Object;+18
j  com.sun.javafx.tk.quantum.GlassViewEventHandler.handleMouseEvent(Lcom/sun/glass/ui/View;JIIIIIIIZZ)V+103
j  com.sun.glass.ui.View.handleMouseEvent(JIIIIIIIZZ)V+30
j  com.sun.glass.ui.View.notifyMouse(IIIIIIIZZ)V+181
v  ~StubRoutines::call_stub
j  com.sun.glass.ui.win.WinApplication._runLoop(Ljava/lang/Runnable;)V+0
j  com.sun.glass.ui.win.WinApplication.lambda$null$4(ILjava/lang/Runnable;)V+8
j  com.sun.glass.ui.win.WinApplication$$Lambda$38.run()V+12
j  java.lang.Thread.run()V+11
v  ~StubRoutines::call_stub

---------------  P R O C E S S  ---------------

Java Threads: ( => current thread )
  0x000002687f68c000 JavaThread "Prism Font Disposer" daemon [_thread_blocked, id=34756, stack(0x0000009582e00000,0x0000009582f00000)]
  0x000002687f47f800 JavaThread "Thread-3" daemon [_thread_in_native, id=50444, stack(0x0000009582900000,0x0000009582a00000)]
  0x000002687f463000 JavaThread "JavaFX-Launcher" [_thread_blocked, id=528, stack(0x0000009582a00000,0x0000009582b00000)]
=>0x000002687f266800 JavaThread "JavaFX Application Thread" [_thread_in_native, id=41904, stack(0x0000009582500000,0x0000009582600000)]
  0x000002687f21b800 JavaThread "Thread-1" daemon [_thread_blocked, id=25772, stack(0x0000009582400000,0x0000009582500000)]
  0x000002687ef06000 JavaThread "QuantumRenderer-0" daemon [_thread_blocked, id=44024, stack(0x0000009582300000,0x0000009582400000)]
  0x000002687ec00800 JavaThread "Service Thread" daemon [_thread_blocked, id=37076, stack(0x0000009582100000,0x0000009582200000)]
  0x000002687cd29000 JavaThread "C1 CompilerThread3" daemon [_thread_blocked, id=17228, stack(0x0000009582000000,0x0000009582100000)]
  0x000002687cd1e000 JavaThread "C2 CompilerThread2" daemon [_thread_blocked, id=11200, stack(0x0000009581f00000,0x0000009582000000)]
  0x000002687cd18800 JavaThread "C2 CompilerThread1" daemon [_thread_blocked, id=48732, stack(0x0000009581e00000,0x0000009581f00000)]
  0x000002687cd16000 JavaThread "C2 CompilerThread0" daemon [_thread_blocked, id=47328, stack(0x0000009581d00000,0x0000009581e00000)]
  0x000002687cd0b800 JavaThread "Monitor Ctrl-Break" daemon [_thread_in_native, id=41052, stack(0x0000009581c00000,0x0000009581d00000)]
  0x000002687ccab800 JavaThread "Attach Listener" daemon [_thread_blocked, id=52080, stack(0x0000009581b00000,0x0000009581c00000)]
  0x000002687ccaa800 JavaThread "Signal Dispatcher" daemon [_thread_blocked, id=6800, stack(0x0000009581a00000,0x0000009581b00000)]
  0x000002687cc87000 JavaThread "Finalizer" daemon [_thread_blocked, id=5528, stack(0x0000009581900000,0x0000009581a00000)]
  0x000002687cc7f000 JavaThread "Reference Handler" daemon [_thread_blocked, id=48248, stack(0x0000009581800000,0x0000009581900000)]
  0x0000026869e89800 JavaThread "main" [_thread_blocked, id=444, stack(0x0000009580e00000,0x0000009580f00000)]

Other Threads:
  0x000002687cc57000 VMThread [stack: 0x0000009581700000,0x0000009581800000] [id=46716]
  0x000002687eb72000 WatcherThread [stack: 0x0000009582200000,0x0000009582300000] [id=49968]

VM state:not at safepoint (normal execution)

VM Mutex/Monitor currently owned by a thread: None

heap address: 0x00000006c3a00000, size: 4038 MB, Compressed Oops mode: Zero based, Oop shift amount: 3
Narrow klass base: 0x0000000000000000, Narrow klass shift: 3
Compressed class space size: 1073741824 Address: 0x00000007c0000000

Heap:
 PSYoungGen      total 75776K, used 41260K [0x000000076be00000, 0x0000000771280000, 0x00000007c0000000)
  eden space 65024K, 63% used [0x000000076be00000,0x000000076e64b210,0x000000076fd80000)
  from space 10752K, 0% used [0x0000000770800000,0x0000000770800000,0x0000000771280000)
  to   space 10752K, 0% used [0x000000076fd80000,0x000000076fd80000,0x0000000770800000)
 ParOldGen       total 173568K, used 0K [0x00000006c3a00000, 0x00000006ce380000, 0x000000076be00000)
  object space 173568K, 0% used [0x00000006c3a00000,0x00000006c3a00000,0x00000006ce380000)
 Metaspace       used 13046K, capacity 13612K, committed 13824K, reserved 1060864K
  class space    used 1769K, capacity 1958K, committed 2048K, reserved 1048576K

Card table byte_map: [0x000002687acb0000,0x000002687b4a0000] byte_map_base: 0x0000026877693000

Marking Bits: (ParMarkBitMap*) 0x000000006f484fb0
 Begin Bits: [0x0000026800000000, 0x0000026803f18000)
 End Bits:   [0x0000026803f18000, 0x0000026807e30000)

Polling page: 0x000002686a0d0000

CodeCache: size=245760Kb used=3723Kb max_used=3723Kb free=242036Kb
 bounds [0x000002686b8f0000, 0x000002686bca0000, 0x000002687a8f0000]
 total_blobs=1579 nmethods=955 adapters=536
 compilation: enabled

Compilation events (10 events):
Event: 3.368 Thread 0x000002687cd29000  952       1       java.net.URL::getUserInfo (5 bytes)
Event: 3.368 Thread 0x000002687cd29000 nmethod 952 0x000002686bc867d0 code [0x000002686bc86920, 0x000002686bc86a38]
Event: 3.369 Thread 0x000002687cd29000  953       1       java.util.HashMap$Node::getKey (5 bytes)
Event: 3.370 Thread 0x000002687cd29000 nmethod 953 0x000002686bc86510 code [0x000002686bc86660, 0x000002686bc86778]
Event: 4.304 Thread 0x000002687cd29000  954       3       com.sun.javafx.tk.quantum.QuantumToolkit::postPulse (175 bytes)
Event: 4.305 Thread 0x000002687cd29000 nmethod 954 0x000002686bc92f90 code [0x000002686bc93320, 0x000002686bc95370]
Event: 4.352 Thread 0x000002687cd29000  955       3       com.sun.javafx.tk.quantum.QuantumToolkit$$Lambda$43/729154508::run (8 bytes)
Event: 4.352 Thread 0x000002687cd29000 nmethod 955 0x000002686bc85cd0 code [0x000002686bc85e80, 0x000002686bc862d0]
Event: 4.352 Thread 0x000002687cd29000  956   !   3       com.sun.javafx.tk.quantum.QuantumToolkit::lambda$runToolkit$12 (16 bytes)
Event: 4.352 Thread 0x000002687cd29000 nmethod 956 0x000002686bc92890 code [0x000002686bc92a20, 0x000002686bc92df0]

GC Heap History (0 events):
No events

Deoptimization events (10 events):
Event: 0.366 Thread 0x000002687f266800 Uncommon trap: reason=unstable_if action=reinterpret pc=0x000002686bb7acb0 method=java.util.HashMap.hash(Ljava/lang/Object;)I @ 1
Event: 0.447 Thread 0x000002687f266800 Uncommon trap: reason=class_check action=maybe_recompile pc=0x000002686bb70868 method=java.io.DataInputStream.readShort()S @ 4
Event: 0.448 Thread 0x000002687f266800 Uncommon trap: reason=class_check action=maybe_recompile pc=0x000002686bb70868 method=java.io.DataInputStream.readShort()S @ 4
Event: 0.448 Thread 0x000002687f266800 Uncommon trap: reason=class_check action=maybe_recompile pc=0x000002686bb70868 method=java.io.DataInputStream.readShort()S @ 4
Event: 0.448 Thread 0x000002687f266800 Uncommon trap: reason=class_check action=maybe_recompile pc=0x000002686bb70868 method=java.io.DataInputStream.readShort()S @ 4
Event: 0.453 Thread 0x000002687f266800 Uncommon trap: reason=class_check action=maybe_recompile pc=0x000002686ba777c0 method=java.lang.String.equals(Ljava/lang/Object;)Z @ 8
Event: 0.453 Thread 0x000002687f266800 Uncommon trap: reason=class_check action=maybe_recompile pc=0x000002686ba777c0 method=java.lang.String.equals(Ljava/lang/Object;)Z @ 8
Event: 0.453 Thread 0x000002687f266800 Uncommon trap: reason=class_check action=maybe_recompile pc=0x000002686ba777c0 method=java.lang.String.equals(Ljava/lang/Object;)Z @ 8
Event: 0.454 Thread 0x000002687f266800 Uncommon trap: reason=class_check action=maybe_recompile pc=0x000002686ba777c0 method=java.lang.String.equals(Ljava/lang/Object;)Z @ 8
Event: 0.493 Thread 0x000002687f266800 Uncommon trap: reason=unstable_if action=reinterpret pc=0x000002686bba1e40 method=sun.net.www.ParseUtil.encodePath(Ljava/lang/String;Z)Ljava/lang/String; @ 109

Classes redefined (0 events):
No events

Internal exceptions (10 events):
Event: 0.100 Thread 0x0000026869e89800 Exception <a 'java/lang/NoSuchFieldError': method resolution failed> (0x000000076c324f40) thrown at [C:\jenkins\workspace\8-2-build-windows-amd64-cygwin\jdk8u261\295\hotspot\src\share\vm\prims\methodHandles.cpp, line 1169]
Event: 0.112 Thread 0x0000026869e89800 Exception <a 'java/security/PrivilegedActionException'> (0x000000076c3d1c28) thrown at [C:\jenkins\workspace\8-2-build-windows-amd64-cygwin\jdk8u261\295\hotspot\src\share\vm\prims\jvm.cpp, line 1512]
Event: 0.112 Thread 0x0000026869e89800 Exception <a 'java/security/PrivilegedActionException'> (0x000000076c3d1e38) thrown at [C:\jenkins\workspace\8-2-build-windows-amd64-cygwin\jdk8u261\295\hotspot\src\share\vm\prims\jvm.cpp, line 1512]
Event: 0.113 Thread 0x0000026869e89800 Exception <a 'java/security/PrivilegedActionException'> (0x000000076c3d5d48) thrown at [C:\jenkins\workspace\8-2-build-windows-amd64-cygwin\jdk8u261\295\hotspot\src\share\vm\prims\jvm.cpp, line 1512]
Event: 0.113 Thread 0x0000026869e89800 Exception <a 'java/security/PrivilegedActionException'> (0x000000076c3d5f58) thrown at [C:\jenkins\workspace\8-2-build-windows-amd64-cygwin\jdk8u261\295\hotspot\src\share\vm\prims\jvm.cpp, line 1512]
Event: 0.113 Thread 0x0000026869e89800 Exception <a 'java/lang/NullPointerException'> (0x000000076c3d6960) thrown at [C:\jenkins\workspace\8-2-build-windows-amd64-cygwin\jdk8u261\295\hotspot\src\share\vm\interpreter\linkResolver.cpp, line 1185]
Event: 0.124 Thread 0x0000026869e89800 Implicit null exception at 0x000002686ba13495 to 0x000002686ba13665
Event: 0.295 Thread 0x000002687f266800 Exception <a 'java/lang/NullPointerException'> (0x000000076d148d10) thrown at [C:\jenkins\workspace\8-2-build-windows-amd64-cygwin\jdk8u261\295\hotspot\src\share\vm\interpreter\linkResolver.cpp, line 1185]
Event: 0.295 Thread 0x000002687f266800 Exception <a 'java/lang/NullPointerException'> (0x000000076d148d10) thrown at [C:\jenkins\workspace\8-2-build-windows-amd64-cygwin\jdk8u261\295\hotspot\src\share\vm\prims\jvm.cpp, line 1516]
Event: 0.366 Thread 0x000002687f266800 Implicit null exception at 0x000002686bb7aa75 to 0x000002686bb7aca1

Events (10 events):
Event: 3.368 loading class jssc/SerialPort$EventThread
Event: 3.368 loading class jssc/SerialPort$EventThread done
Event: 3.368 loading class jssc/SerialPort$LinuxEventThread
Event: 3.368 loading class jssc/SerialPort$LinuxEventThread done
Event: 3.368 loading class jssc/SerialNativeInterface
Event: 3.368 loading class jssc/SerialNativeInterface done
Event: 3.369 loading class java/util/LinkedHashMap$LinkedKeyIterator
Event: 3.369 loading class java/util/LinkedHashMap$LinkedKeyIterator done
Event: 4.109 Executing VM operation: EnableBiasedLocking
Event: 4.109 Executing VM operation: EnableBiasedLocking done


Dynamic libraries:
0x00007ff668fd0000 - 0x00007ff669017000 	C:\Program Files\Java\jdk1.8.0_261\bin\java.exe
0x00007ffb7dcd0000 - 0x00007ffb7dec5000 	C:\windows\SYSTEM32\ntdll.dll
0x00007ffb7c450000 - 0x00007ffb7c50e000 	C:\windows\System32\KERNEL32.DLL
0x00007ffb7b600000 - 0x00007ffb7b8c8000 	C:\windows\System32\KERNELBASE.dll
0x00007ffb7dbe0000 - 0x00007ffb7dc8c000 	C:\windows\System32\ADVAPI32.dll
0x00007ffb7cb00000 - 0x00007ffb7cb9e000 	C:\windows\System32\msvcrt.dll
0x00007ffb7c6f0000 - 0x00007ffb7c78b000 	C:\windows\System32\sechost.dll
0x00007ffb7dab0000 - 0x00007ffb7dbda000 	C:\windows\System32\RPCRT4.dll
0x00007ffb7c820000 - 0x00007ffb7c9c1000 	C:\windows\System32\USER32.dll
0x00007ffb7b3f0000 - 0x00007ffb7b412000 	C:\windows\System32\win32u.dll
0x00007ffb7d1e0000 - 0x00007ffb7d20b000 	C:\windows\System32\GDI32.dll
0x00007ffb7bab0000 - 0x00007ffb7bbbb000 	C:\windows\System32\gdi32full.dll
0x00007ffb7b4d0000 - 0x00007ffb7b56d000 	C:\windows\System32\msvcp_win.dll
0x00007ffb7b8d0000 - 0x00007ffb7b9d0000 	C:\windows\System32\ucrtbase.dll
0x00007ffb6d120000 - 0x00007ffb6d3ba000 	C:\windows\WinSxS\amd64_microsoft.windows.common-controls_6595b64144ccf1df_6.0.19041.1110_none_60b5254171f9507e\COMCTL32.dll
0x00007ffb7c790000 - 0x00007ffb7c7c0000 	C:\windows\System32\IMM32.DLL
0x00007ffb5aea0000 - 0x00007ffb5aeb5000 	C:\Program Files\Java\jdk1.8.0_261\jre\bin\vcruntime140.dll
0x00007ffb35660000 - 0x00007ffb356fb000 	C:\Program Files\Java\jdk1.8.0_261\jre\bin\msvcp140.dll
0x000000006ec90000 - 0x000000006f4fc000 	C:\Program Files\Java\jdk1.8.0_261\jre\bin\server\jvm.dll
0x00007ffb7c440000 - 0x00007ffb7c448000 	C:\windows\System32\PSAPI.DLL
0x00007ffb56960000 - 0x00007ffb56987000 	C:\windows\SYSTEM32\WINMM.dll
0x00007ffb73040000 - 0x00007ffb7304a000 	C:\windows\SYSTEM32\VERSION.dll
0x00007ffb72fd0000 - 0x00007ffb72fd9000 	C:\windows\SYSTEM32\WSOCK32.dll
0x00007ffb7c680000 - 0x00007ffb7c6eb000 	C:\windows\System32\WS2_32.dll
0x00007ffb79c70000 - 0x00007ffb79c82000 	C:\windows\SYSTEM32\kernel.appcore.dll
0x00007ffb76f30000 - 0x00007ffb76f40000 	C:\Program Files\Java\jdk1.8.0_261\jre\bin\verify.dll
0x00007ffb404b0000 - 0x00007ffb404db000 	C:\Program Files\Java\jdk1.8.0_261\jre\bin\java.dll
0x00007ffb56c10000 - 0x00007ffb56c42000 	C:\Program Files\Java\jdk1.8.0_261\jre\bin\instrument.dll
0x00007ffb5ae20000 - 0x00007ffb5ae38000 	C:\Program Files\Java\jdk1.8.0_261\jre\bin\zip.dll
0x00007ffb7d270000 - 0x00007ffb7d9af000 	C:\windows\System32\SHELL32.dll
0x00007ffb794d0000 - 0x00007ffb79c60000 	C:\windows\SYSTEM32\windows.storage.dll
0x00007ffb7cc50000 - 0x00007ffb7cfa5000 	C:\windows\System32\combase.dll
0x00007ffb7ae40000 - 0x00007ffb7ae6e000 	C:\windows\SYSTEM32\Wldp.dll
0x00007ffb7d0d0000 - 0x00007ffb7d17d000 	C:\windows\System32\SHCORE.dll
0x00007ffb7d180000 - 0x00007ffb7d1d5000 	C:\windows\System32\shlwapi.dll
0x00007ffb7b330000 - 0x00007ffb7b34f000 	C:\windows\SYSTEM32\profapi.dll
0x00007ffb5dec0000 - 0x00007ffb5deda000 	C:\Program Files\JetBrains\IntelliJ IDEA Community Edition 2018.3.6\bin\breakgen64.dll
0x00007ffb5ad80000 - 0x00007ffb5ad9c000 	C:\Program Files\Java\jdk1.8.0_261\jre\bin\net.dll
0x00007ffb7aba0000 - 0x00007ffb7ac0a000 	C:\windows\system32\mswsock.dll
0x000002686a120000 - 0x000002686a123000 	C:\Program Files\Java\jdk1.8.0_261\jre\bin\api-ms-win-core-console-l1-1-0.dll
0x000002686a130000 - 0x000002686a133000 	C:\Program Files\Java\jdk1.8.0_261\jre\bin\api-ms-win-core-datetime-l1-1-0.dll
0x000002687ef10000 - 0x000002687ef13000 	C:\Program Files\Java\jdk1.8.0_261\jre\bin\api-ms-win-core-debug-l1-1-0.dll
0x000002687ef20000 - 0x000002687ef23000 	C:\Program Files\Java\jdk1.8.0_261\jre\bin\api-ms-win-core-errorhandling-l1-1-0.dll
0x000002687ef30000 - 0x000002687ef34000 	C:\Program Files\Java\jdk1.8.0_261\jre\bin\api-ms-win-core-file-l1-1-0.dll
0x000002687ef40000 - 0x000002687ef43000 	C:\Program Files\Java\jdk1.8.0_261\jre\bin\api-ms-win-core-file-l1-2-0.dll
0x000002687ef50000 - 0x000002687ef53000 	C:\Program Files\Java\jdk1.8.0_261\jre\bin\api-ms-win-core-file-l2-1-0.dll
0x000002687ef60000 - 0x000002687ef63000 	C:\Program Files\Java\jdk1.8.0_261\jre\bin\api-ms-win-core-handle-l1-1-0.dll
0x000002687ef70000 - 0x000002687ef73000 	C:\Program Files\Java\jdk1.8.0_261\jre\bin\api-ms-win-core-heap-l1-1-0.dll
0x000002687ef80000 - 0x000002687ef83000 	C:\Program Files\Java\jdk1.8.0_261\jre\bin\api-ms-win-core-interlocked-l1-1-0.dll
0x000002687ef90000 - 0x000002687ef93000 	C:\Program Files\Java\jdk1.8.0_261\jre\bin\api-ms-win-core-libraryloader-l1-1-0.dll
0x000002687efa0000 - 0x000002687efa3000 	C:\Program Files\Java\jdk1.8.0_261\jre\bin\api-ms-win-core-localization-l1-2-0.dll
0x000002687efb0000 - 0x000002687efb3000 	C:\Program Files\Java\jdk1.8.0_261\jre\bin\api-ms-win-core-memory-l1-1-0.dll
0x000002687efc0000 - 0x000002687efc3000 	C:\Program Files\Java\jdk1.8.0_261\jre\bin\api-ms-win-core-namedpipe-l1-1-0.dll
0x000002687efd0000 - 0x000002687efd3000 	C:\Program Files\Java\jdk1.8.0_261\jre\bin\api-ms-win-core-processenvironment-l1-1-0.dll
0x000002687efe0000 - 0x000002687efe3000 	C:\Program Files\Java\jdk1.8.0_261\jre\bin\api-ms-win-core-processthreads-l1-1-0.dll
0x000002687eff0000 - 0x000002687eff3000 	C:\Program Files\Java\jdk1.8.0_261\jre\bin\api-ms-win-core-processthreads-l1-1-1.dll
0x000002687f000000 - 0x000002687f003000 	C:\Program Files\Java\jdk1.8.0_261\jre\bin\api-ms-win-core-profile-l1-1-0.dll
0x000002687f010000 - 0x000002687f013000 	C:\Program Files\Java\jdk1.8.0_261\jre\bin\api-ms-win-core-rtlsupport-l1-1-0.dll
0x000002687f020000 - 0x000002687f023000 	C:\Program Files\Java\jdk1.8.0_261\jre\bin\api-ms-win-core-string-l1-1-0.dll
0x000002687f030000 - 0x000002687f033000 	C:\Program Files\Java\jdk1.8.0_261\jre\bin\api-ms-win-core-synch-l1-1-0.dll
0x000002687f040000 - 0x000002687f043000 	C:\Program Files\Java\jdk1.8.0_261\jre\bin\api-ms-win-core-synch-l1-2-0.dll
0x000002687f050000 - 0x000002687f053000 	C:\Program Files\Java\jdk1.8.0_261\jre\bin\api-ms-win-core-sysinfo-l1-1-0.dll
0x000002687f060000 - 0x000002687f063000 	C:\Program Files\Java\jdk1.8.0_261\jre\bin\api-ms-win-core-timezone-l1-1-0.dll
0x000002687f070000 - 0x000002687f073000 	C:\Program Files\Java\jdk1.8.0_261\jre\bin\api-ms-win-core-util-l1-1-0.dll
0x000002687f080000 - 0x000002687f083000 	C:\Program Files\Java\jdk1.8.0_261\jre\bin\api-ms-win-crt-conio-l1-1-0.dll
0x000002687f090000 - 0x000002687f094000 	C:\Program Files\Java\jdk1.8.0_261\jre\bin\api-ms-win-crt-convert-l1-1-0.dll
0x000002687f0a0000 - 0x000002687f0a3000 	C:\Program Files\Java\jdk1.8.0_261\jre\bin\api-ms-win-crt-environment-l1-1-0.dll
0x000002687f0b0000 - 0x000002687f0b3000 	C:\Program Files\Java\jdk1.8.0_261\jre\bin\api-ms-win-crt-filesystem-l1-1-0.dll
0x000002687f0c0000 - 0x000002687f0c3000 	C:\Program Files\Java\jdk1.8.0_261\jre\bin\api-ms-win-crt-heap-l1-1-0.dll
0x000002687f0d0000 - 0x000002687f0d3000 	C:\Program Files\Java\jdk1.8.0_261\jre\bin\api-ms-win-crt-locale-l1-1-0.dll
0x000002687f0e0000 - 0x000002687f0e5000 	C:\Program Files\Java\jdk1.8.0_261\jre\bin\api-ms-win-crt-math-l1-1-0.dll
0x000002687f0f0000 - 0x000002687f0f5000 	C:\Program Files\Java\jdk1.8.0_261\jre\bin\api-ms-win-crt-multibyte-l1-1-0.dll
0x000002687f100000 - 0x000002687f110000 	C:\Program Files\Java\jdk1.8.0_261\jre\bin\api-ms-win-crt-private-l1-1-0.dll
0x000002687f110000 - 0x000002687f113000 	C:\Program Files\Java\jdk1.8.0_261\jre\bin\api-ms-win-crt-process-l1-1-0.dll
0x000002687f120000 - 0x000002687f124000 	C:\Program Files\Java\jdk1.8.0_261\jre\bin\api-ms-win-crt-runtime-l1-1-0.dll
0x000002687f130000 - 0x000002687f134000 	C:\Program Files\Java\jdk1.8.0_261\jre\bin\api-ms-win-crt-stdio-l1-1-0.dll
0x000002687f140000 - 0x000002687f144000 	C:\Program Files\Java\jdk1.8.0_261\jre\bin\api-ms-win-crt-string-l1-1-0.dll
0x000002687f150000 - 0x000002687f153000 	C:\Program Files\Java\jdk1.8.0_261\jre\bin\api-ms-win-crt-time-l1-1-0.dll
0x000002687f160000 - 0x000002687f163000 	C:\Program Files\Java\jdk1.8.0_261\jre\bin\api-ms-win-crt-utility-l1-1-0.dll
0x00007ffb27930000 - 0x00007ffb27a2c000 	C:\Program Files\Java\jdk1.8.0_261\jre\bin\ucrtbase.dll
0x00007ffb35a40000 - 0x00007ffb35a91000 	C:\Program Files\Java\jdk1.8.0_261\jre\bin\concrt140.dll
0x00007ffb576d0000 - 0x00007ffb576f3000 	C:\Program Files\Java\jdk1.8.0_261\jre\bin\prism_d3d.dll
0x00007ffb1d240000 - 0x00007ffb1d40e000 	C:\windows\system32\d3d9.dll
0x00007ffb78b40000 - 0x00007ffb78b6f000 	C:\windows\SYSTEM32\dwmapi.dll
0x00007ffb789b0000 - 0x00007ffb78a4e000 	C:\windows\system32\uxtheme.dll
0x00007ffb2f750000 - 0x00007ffb2f8b5000 	C:\windows\System32\DriverStore\FileRepository\iigd_dch.inf_amd64_14d6d9e2312c79ae\igdumdim64.dll
0x00007ffb7c9d0000 - 0x00007ffb7cafa000 	C:\windows\System32\ole32.dll
0x00007ffb14010000 - 0x00007ffb17c35000 	C:\windows\System32\DriverStore\FileRepository\iigd_dch.inf_amd64_14d6d9e2312c79ae\igd9dxva64.dll
0x00007ffb7d9c0000 - 0x00007ffb7da8d000 	C:\windows\System32\OLEAUT32.dll
0x00007ffb7bfc0000 - 0x00007ffb7c432000 	C:\windows\System32\SETUPAPI.dll
0x00007ffb7b9d0000 - 0x00007ffb7ba1e000 	C:\windows\System32\cfgmgr32.dll
0x00007ffb7ba80000 - 0x00007ffb7baa7000 	C:\windows\System32\bcrypt.dll
0x00007ffb69c30000 - 0x00007ffb69fed000 	C:\windows\System32\DriverStore\FileRepository\iigd_dch.inf_amd64_14d6d9e2312c79ae\igdgmm64.dll
0x00007ffb3a740000 - 0x00007ffb3a785000 	C:\Program Files\Java\jdk1.8.0_261\jre\bin\glass.dll
0x00007ffb7c510000 - 0x00007ffb7c5ea000 	C:\windows\System32\COMDLG32.dll
0x00007ffb7cfb0000 - 0x00007ffb7d0c5000 	C:\windows\System32\MSCTF.dll
0x00007ffb7b570000 - 0x00007ffb7b5f3000 	C:\windows\System32\bcryptPrimitives.dll
0x00007ffb20210000 - 0x00007ffb20237000 	C:\windows\System32\DriverStore\FileRepository\iigd_dch.inf_amd64_14d6d9e2312c79ae\igdinfo64.dll
0x00007ffb669f0000 - 0x00007ffb69c28000 	C:\windows\System32\DriverStore\FileRepository\iigd_dch.inf_amd64_14d6d9e2312c79ae\igc64.dll
0x00007ffb6d020000 - 0x00007ffb6d05b000 	C:\windows\SYSTEM32\dxcore.dll
0x00007ffb57910000 - 0x00007ffb57924000 	C:\Program Files\Java\jdk1.8.0_261\jre\bin\javafx_font.dll
0x00007ffb41aa0000 - 0x00007ffb41d23000 	C:\windows\SYSTEM32\dwrite.dll
0x00007ffb7cba0000 - 0x00007ffb7cc49000 	C:\windows\System32\clbcatq.dll
0x00007ffb71ee0000 - 0x00007ffb72094000 	C:\windows\SYSTEM32\WindowsCodecs.dll
0x00007ffb40470000 - 0x00007ffb404ae000 	C:\windows\system32\dataexchange.dll
0x00007ffb77510000 - 0x00007ffb77774000 	C:\windows\system32\d3d11.dll
0x00007ffb79ce0000 - 0x00007ffb79dd4000 	C:\windows\system32\dxgi.dll
0x00007ffb77d40000 - 0x00007ffb77f25000 	C:\windows\system32\dcomp.dll
0x00007ffb73460000 - 0x00007ffb73661000 	C:\windows\system32\twinapi.appcore.dll
0x00007ffb36320000 - 0x00007ffb36354000 	C:\Program Files\Common Files\Microsoft Shared\Ink\rtscom.dll
0x00007ffb58150000 - 0x00007ffb58249000 	C:\windows\SYSTEM32\textinputframework.dll
0x00007ffb78610000 - 0x00007ffb78702000 	C:\windows\System32\CoreMessaging.dll
0x00007ffb77f30000 - 0x00007ffb7828e000 	C:\windows\System32\CoreUIComponents.dll
0x00007ffb76f50000 - 0x00007ffb770a4000 	C:\windows\SYSTEM32\wintypes.dll
0x00007ffb7a0e0000 - 0x00007ffb7a113000 	C:\windows\SYSTEM32\ntmarta.dll
0x00007ffb56de0000 - 0x00007ffb56df2000 	C:\Program Files\Java\jdk1.8.0_261\jre\bin\prism_common.dll
0x0000000071100000 - 0x0000000071125000 	C:\Users\karsv\.jssc\windows\jSSC-2.8_x86_64.dll
0x00007ffb79020000 - 0x00007ffb79204000 	C:\windows\SYSTEM32\dbghelp.dll

VM Arguments:
jvm_args: -javaagent:C:\Program Files\JetBrains\IntelliJ IDEA Community Edition 2018.3.6\lib\idea_rt.jar=60491:C:\Program Files\JetBrains\IntelliJ IDEA Community Edition 2018.3.6\bin -Dfile.encoding=UTF-8 
java_command: GUI.Layout
java_class_path (initial): C:\Program Files\Java\jdk1.8.0_261\jre\lib\charsets.jar;C:\Program Files\Java\jdk1.8.0_261\jre\lib\deploy.jar;C:\Program Files\Java\jdk1.8.0_261\jre\lib\ext\access-bridge-64.jar;C:\Program Files\Java\jdk1.8.0_261\jre\lib\ext\cldrdata.jar;C:\Program Files\Java\jdk1.8.0_261\jre\lib\ext\dnsns.jar;C:\Program Files\Java\jdk1.8.0_261\jre\lib\ext\jaccess.jar;C:\Program Files\Java\jdk1.8.0_261\jre\lib\ext\jfxrt.jar;C:\Program Files\Java\jdk1.8.0_261\jre\lib\ext\localedata.jar;C:\Program Files\Java\jdk1.8.0_261\jre\lib\ext\nashorn.jar;C:\Program Files\Java\jdk1.8.0_261\jre\lib\ext\sunec.jar;C:\Program Files\Java\jdk1.8.0_261\jre\lib\ext\sunjce_provider.jar;C:\Program Files\Java\jdk1.8.0_261\jre\lib\ext\sunmscapi.jar;C:\Program Files\Java\jdk1.8.0_261\jre\lib\ext\sunpkcs11.jar;C:\Program Files\Java\jdk1.8.0_261\jre\lib\ext\zipfs.jar;C:\Program Files\Java\jdk1.8.0_261\jre\lib\javaws.jar;C:\Program Files\Java\jdk1.8.0_261\jre\lib\jce.jar;C:\Program Files\Java\jdk1.8.0_261\jre\lib\jfr.jar;C:\Program Files\Java\jdk1.8.0_261\jre\lib\jfxswt.jar;C:\Program Files\Java\jdk1.8.0_261\jre\lib\jsse.jar;C:\Program Files\Java\jdk1.8.0_261\jre\lib\management-agent.jar;C:\Program Files\Java\jdk1.8.0_261\jre\lib\plugin.jar;C:\Program Files\Java\jdk1.8.0_261\jre\lib\resources.jar;C:\Program Files\Java\jdk1.8.0_261\jre\lib\rt.jar;C:\Users\karsv\OneDrive\Documenten\GitHub\BoeBot\out\production\BoeBot;C:\Users\karsv\OneDrive\Documenten\GitHub\BoeBot\lib\BoeBotLib.jar;C:\Users\karsv\Downloads\jssc-2.8.0.jar;C:\Program Files\JetBrains\IntelliJ IDEA Community Edition 2018.3.6\lib\idea_rt.jar
Launcher Type: SUN_STANDARD

Environment Variables:
JAVA_HOME=C:\Program Files\Java\jdk1.8.0_261
PATH=C:\Program Files (x86)\Common Files\Oracle\Java\javapath;C:\windows\system32;C:\windows;C:\windows\System32\Wbem;C:\windows\System32\WindowsPowerShell\v1.0\;C:\windows\System32\OpenSSH\;C:\Program Files\Java\jdk1.8.0_261\bin;C:\Program Files\dotnet\;C:\Users\karsv\AppData\Local\Programs\Python\Python39\Scripts\;C:\Users\karsv\AppData\Local\Programs\Python\Python39\;C:\Users\karsv\AppData\Local\Microsoft\WindowsApps;C:\Program Files\JetBrains\IntelliJ IDEA Community Edition 2018.3.6\bin;;C:\Users\karsv\AppData\Local\GitHubDesktop\bin;C:\Users\karsv\AppData\Local\Programs\Microsoft VS Code\bin;C:\Users\karsv\.dotnet\tools
USERNAME=karsv
OS=Windows_NT
PROCESSOR_IDENTIFIER=Intel64 Family 6 Model 140 Stepping 1, GenuineIntel



---------------  S Y S T E M  ---------------

OS: Windows 10.0 , 64 bit Build 19041 (10.0.19041.1348)

CPU:total 8 (initial active 8) (4 cores per cpu, 2 threads per core) family 6 model 140 stepping 1, cmov, cx8, fxsr, mmx, sse, sse2, sse3, ssse3, sse4.1, sse4.2, popcnt, avx, avx2, aes, clmul, erms, 3dnowpref, lzcnt, ht, tsc, tscinvbit, bmi1, bmi2, adx

Memory: 4k page, physical 16537592k(6255256k free), swap 27462320k(10227064k free)

vm_info: Java HotSpot(TM) 64-Bit Server VM (25.261-b12) for windows-amd64 JRE (1.8.0_261-b12), built on Jun 18 2020 06:56:32 by "" with unknown MS VC++:1916

time: Thu Dec 23 14:28:56 2021
timezone: West-Europa (standaardtijd)
elapsed time: 4 seconds (0d 0h 0m 4s)

